# JRE version: OpenJDK Runtime Environment (8.0_242-b01) (build 1.8.0_242-release-1644-b01)
# Java VM: OpenJDK 64-Bit Server VM (25.242-b01 mixed mode windows-amd64 compressed oops)
Heap:
 PSYoungGen      total 161792K, used 44770K [0x00000000d5580000, 0x00000000e1c80000, 0x0000000100000000)
  eden space 149504K, 29% used [0x00000000d5580000,0x00000000d8138b40,0x00000000de780000)
  from space 12288K, 0% used [0x00000000df300000,0x00000000df300000,0x00000000dff00000)
  to   space 11776K, 0% used [0x00000000de780000,0x00000000de780000,0x00000000df300000)
 ParOldGen       total 51200K, used 38234K [0x0000000080000000, 0x0000000083200000, 0x00000000d5580000)
  object space 51200K, 74% used [0x0000000080000000,0x0000000082556b70,0x0000000083200000)
 Metaspace       used 56569K, capacity 58906K, committed 59224K, reserved 1099776K
  class space    used 7460K, capacity 7960K, committed 8064K, reserved 1048576K
GC Heap History (10 events):
Event: 4.359 GC heap before
{Heap before GC invocations=11 (full 1):
 PSYoungGen      total 131584K, used 17414K [0x00000000d5580000, 0x00000000dff00000, 0x0000000100000000)
  eden space 121344K, 5% used [0x00000000d5580000,0x00000000d5c851a0,0x00000000dcc00000)
  from space 10240K, 99% used [0x00000000dcc00000,0x00000000dd5fc7b8,0x00000000dd600000)
  to   space 12288K, 0% used [0x00000000df300000,0x00000000df300000,0x00000000dff00000)
 ParOldGen       total 51200K, used 9959K [0x0000000080000000, 0x0000000083200000, 0x00000000d5580000)
  object space 51200K, 19% used [0x0000000080000000,0x00000000809b9ce8,0x0000000083200000)
 Metaspace       used 34313K, capacity 35694K, committed 35748K, reserved 1081344K
  class space    used 4643K, capacity 4987K, committed 4992K, reserved 1048576K
Event: 4.370 GC heap after
Heap after GC invocations=11 (full 1):
 PSYoungGen      total 161792K, used 6832K [0x00000000d5580000, 0x00000000e1c80000, 0x0000000100000000)
  eden space 149504K, 0% used [0x00000000d5580000,0x00000000d5580000,0x00000000de780000)
  from space 12288K, 55% used [0x00000000df300000,0x00000000df9ac010,0x00000000dff00000)
  to   space 11776K, 0% used [0x00000000de780000,0x00000000de780000,0x00000000df300000)
 ParOldGen       total 51200K, used 12032K [0x0000000080000000, 0x0000000083200000, 0x00000000d5580000)
  object space 51200K, 23% used [0x0000000080000000,0x0000000080bc02b0,0x0000000083200000)
 Metaspace       used 34313K, capacity 35694K, committed 35748K, reserved 1081344K
  class space    used 4643K, capacity 4987K, committed 4992K, reserved 1048576K
}
Event: 4.370 GC heap before
{Heap before GC invocations=12 (full 2):
 PSYoungGen      total 161792K, used 6832K [0x00000000d5580000, 0x00000000e1c80000, 0x0000000100000000)
  eden space 149504K, 0% used [0x00000000d5580000,0x00000000d5580000,0x00000000de780000)
  from space 12288K, 55% used [0x00000000df300000,0x00000000df9ac010,0x00000000dff00000)
  to   space 11776K, 0% used [0x00000000de780000,0x00000000de780000,0x00000000df300000)
 ParOldGen       total 51200K, used 12032K [0x0000000080000000, 0x0000000083200000, 0x00000000d5580000)
  object space 51200K, 23% used [0x0000000080000000,0x0000000080bc02b0,0x0000000083200000)
 Metaspace       used 34313K, capacity 35694K, committed 35748K, reserved 1081344K
  class space    used 4643K, capacity 4987K, committed 4992K, reserved 1048576K
Event: 4.438 GC heap after
Heap after GC invocations=12 (full 2):
 PSYoungGen      total 161792K, used 0K [0x00000000d5580000, 0x00000000e1c80000, 0x0000000100000000)
  eden space 149504K, 0% used [0x00000000d5580000,0x00000000d5580000,0x00000000de780000)
  from space 12288K, 0% used [0x00000000df300000,0x00000000df300000,0x00000000dff00000)
  to   space 11776K, 0% used [0x00000000de780000,0x00000000de780000,0x00000000df300000)
 ParOldGen       total 51200K, used 15406K [0x0000000080000000, 0x0000000083200000, 0x00000000d5580000)
  object space 51200K, 30% used [0x0000000080000000,0x0000000080f0bbc8,0x0000000083200000)
 Metaspace       used 34313K, capacity 35694K, committed 35748K, reserved 1081344K
  class space    used 4643K, capacity 4987K, committed 4992K, reserved 1048576K
}
Event: 6.019 GC heap before
{Heap before GC invocations=13 (full 2):
 PSYoungGen      total 161792K, used 149504K [0x00000000d5580000, 0x00000000e1c80000, 0x0000000100000000)
  eden space 149504K, 100% used [0x00000000d5580000,0x00000000de780000,0x00000000de780000)
  from space 12288K, 0% used [0x00000000df300000,0x00000000df300000,0x00000000dff00000)
  to   space 11776K, 0% used [0x00000000de780000,0x00000000de780000,0x00000000df300000)
 ParOldGen       total 51200K, used 15406K [0x0000000080000000, 0x0000000083200000, 0x00000000d5580000)
  object space 51200K, 30% used [0x0000000080000000,0x0000000080f0bbc8,0x0000000083200000)
 Metaspace       used 39560K, capacity 41514K, committed 41688K, reserved 1085440K
  class space    used 5434K, capacity 5838K, committed 5888K, reserved 1048576K
Event: 6.031 GC heap after
Heap after GC invocations=13 (full 2):
 PSYoungGen      total 161280K, used 10950K [0x00000000d5580000, 0x00000000e1c80000, 0x0000000100000000)
  eden space 149504K, 0% used [0x00000000d5580000,0x00000000d5580000,0x00000000de780000)
  from space 11776K, 92% used [0x00000000de780000,0x00000000df231850,0x00000000df300000)
  to   space 12288K, 0% used [0x00000000df300000,0x00000000df300000,0x00000000dff00000)
 ParOldGen       total 51200K, used 15414K [0x0000000080000000, 0x0000000083200000, 0x00000000d5580000)
  object space 51200K, 30% used [0x0000000080000000,0x0000000080f0dbc8,0x0000000083200000)
 Metaspace       used 39560K, capacity 41514K, committed 41688K, reserved 1085440K
  class space    used 5434K, capacity 5838K, committed 5888K, reserved 1048576K
}
Event: 7.629 GC heap before
{Heap before GC invocations=14 (full 2):
 PSYoungGen      total 161280K, used 151563K [0x00000000d5580000, 0x00000000e1c80000, 0x0000000100000000)
  eden space 149504K, 94% used [0x00000000d5580000,0x00000000dded14c0,0x00000000de780000)
  from space 11776K, 92% used [0x00000000de780000,0x00000000df231850,0x00000000df300000)
  to   space 12288K, 0% used [0x00000000df300000,0x00000000df300000,0x00000000dff00000)
 ParOldGen       total 51200K, used 15414K [0x0000000080000000, 0x0000000083200000, 0x00000000d5580000)
  object space 51200K, 30% used [0x0000000080000000,0x0000000080f0dbc8,0x0000000083200000)
 Metaspace       used 54444K, capacity 56690K, committed 56792K, reserved 1097728K
  class space    used 7183K, capacity 7649K, committed 7680K, reserved 1048576K
Event: 7.653 GC heap after
Heap after GC invocations=14 (full 2):
 PSYoungGen      total 161792K, used 12265K [0x00000000d5580000, 0x00000000e1c80000, 0x0000000100000000)
  eden space 149504K, 0% used [0x00000000d5580000,0x00000000d5580000,0x00000000de780000)
  from space 12288K, 99% used [0x00000000df300000,0x00000000dfefa610,0x00000000dff00000)
  to   space 11776K, 0% used [0x00000000de780000,0x00000000de780000,0x00000000df300000)
 ParOldGen       total 51200K, used 27355K [0x0000000080000000, 0x0000000083200000, 0x00000000d5580000)
  object space 51200K, 53% used [0x0000000080000000,0x0000000081ab6d70,0x0000000083200000)
 Metaspace       used 54444K, capacity 56690K, committed 56792K, reserved 1097728K
  class space    used 7183K, capacity 7649K, committed 7680K, reserved 1048576K
}
Event: 7.653 GC heap before
{Heap before GC invocations=15 (full 3):
 PSYoungGen      total 161792K, used 12265K [0x00000000d5580000, 0x00000000e1c80000, 0x0000000100000000)
  eden space 149504K, 0% used [0x00000000d5580000,0x00000000d5580000,0x00000000de780000)
  from space 12288K, 99% used [0x00000000df300000,0x00000000dfefa610,0x00000000dff00000)
  to   space 11776K, 0% used [0x00000000de780000,0x00000000de780000,0x00000000df300000)
 ParOldGen       total 51200K, used 27355K [0x0000000080000000, 0x0000000083200000, 0x00000000d5580000)
  object space 51200K, 53% used [0x0000000080000000,0x0000000081ab6d70,0x0000000083200000)
 Metaspace       used 54444K, capacity 56690K, committed 56792K, reserved 1097728K
  class space    used 7183K, capacity 7649K, committed 7680K, reserved 1048576K
Event: 8.018 GC heap after
Heap after GC invocations=15 (full 3):
 PSYoungGen      total 161792K, used 0K [0x00000000d5580000, 0x00000000e1c80000, 0x0000000100000000)
  eden space 149504K, 0% used [0x00000000d5580000,0x00000000d5580000,0x00000000de780000)
  from space 12288K, 0% used [0x00000000df300000,0x00000000df300000,0x00000000dff00000)
  to   space 11776K, 0% used [0x00000000de780000,0x00000000de780000,0x00000000df300000)
 ParOldGen       total 51200K, used 38234K [0x0000000080000000, 0x0000000083200000, 0x00000000d5580000)
  object space 51200K, 74% used [0x0000000080000000,0x0000000082556b70,0x0000000083200000)
 Metaspace       used 54423K, capacity 56636K, committed 56792K, reserved 1097728K
  class space    used 7176K, capacity 7638K, committed 7680K, reserved 1048576K
}

