# JRE version: OpenJDK Runtime Environment (8.0_242-b01) (build 1.8.0_242-release-1644-b01)
# Java VM: OpenJDK 64-Bit Server VM (25.242-b01 mixed mode windows-amd64 compressed oops)
Heap:
 PSYoungGen      total 240640K, used 94725K [0x00000000d5580000, 0x00000000e9f00000, 0x0000000100000000)
  eden space 208896K, 30% used [0x00000000d5580000,0x00000000d9306238,0x00000000e2180000)
  from space 31744K, 99% used [0x00000000e2180000,0x00000000e407b4f8,0x00000000e4080000)
  to   space 43520K, 0% used [0x00000000e7480000,0x00000000e7480000,0x00000000e9f00000)
 ParOldGen       total 129536K, used 68189K [0x0000000080000000, 0x0000000087e80000, 0x00000000d5580000)
  object space 129536K, 52% used [0x0000000080000000,0x0000000084297438,0x0000000087e80000)
 Metaspace       used 72898K, capacity 76214K, committed 76312K, reserved 1116160K
  class space    used 9869K, capacity 10516K, committed 10544K, reserved 1048576K
GC Heap History (10 events):
Event: 8.092 GC heap before
{Heap before GC invocations=14 (full 2):
 PSYoungGen      total 157184K, used 92589K [0x00000000d5580000, 0x00000000e2980000, 0x0000000100000000)
  eden space 144384K, 55% used [0x00000000d5580000,0x00000000da370460,0x00000000de280000)
  from space 12800K, 99% used [0x00000000de280000,0x00000000deefb310,0x00000000def00000)
  to   space 18432K, 0% used [0x00000000e1780000,0x00000000e1780000,0x00000000e2980000)
 ParOldGen       total 84480K, used 29424K [0x0000000080000000, 0x0000000085280000, 0x00000000d5580000)
  object space 84480K, 34% used [0x0000000080000000,0x0000000081cbc190,0x0000000085280000)
 Metaspace       used 56864K, capacity 59108K, committed 59160K, reserved 1099776K
  class space    used 7693K, capacity 8209K, committed 8240K, reserved 1048576K
Event: 8.126 GC heap after
Heap after GC invocations=14 (full 2):
 PSYoungGen      total 196608K, used 16771K [0x00000000d5580000, 0x00000000e3280000, 0x0000000100000000)
  eden space 178176K, 0% used [0x00000000d5580000,0x00000000d5580000,0x00000000e0380000)
  from space 18432K, 90% used [0x00000000e1780000,0x00000000e27e0cd8,0x00000000e2980000)
  to   space 20480K, 0% used [0x00000000e0380000,0x00000000e0380000,0x00000000e1780000)
 ParOldGen       total 84480K, used 34662K [0x0000000080000000, 0x0000000085280000, 0x00000000d5580000)
  object space 84480K, 41% used [0x0000000080000000,0x00000000821d9a80,0x0000000085280000)
 Metaspace       used 56864K, capacity 59108K, committed 59160K, reserved 1099776K
  class space    used 7693K, capacity 8209K, committed 8240K, reserved 1048576K
}
Event: 8.126 GC heap before
{Heap before GC invocations=15 (full 3):
 PSYoungGen      total 196608K, used 16771K [0x00000000d5580000, 0x00000000e3280000, 0x0000000100000000)
  eden space 178176K, 0% used [0x00000000d5580000,0x00000000d5580000,0x00000000e0380000)
  from space 18432K, 90% used [0x00000000e1780000,0x00000000e27e0cd8,0x00000000e2980000)
  to   space 20480K, 0% used [0x00000000e0380000,0x00000000e0380000,0x00000000e1780000)
 ParOldGen       total 84480K, used 34662K [0x0000000080000000, 0x0000000085280000, 0x00000000d5580000)
  object space 84480K, 41% used [0x0000000080000000,0x00000000821d9a80,0x0000000085280000)
 Metaspace       used 56864K, capacity 59108K, committed 59160K, reserved 1099776K
  class space    used 7693K, capacity 8209K, committed 8240K, reserved 1048576K
Event: 8.338 GC heap after
Heap after GC invocations=15 (full 3):
 PSYoungGen      total 196608K, used 0K [0x00000000d5580000, 0x00000000e3280000, 0x0000000100000000)
  eden space 178176K, 0% used [0x00000000d5580000,0x00000000d5580000,0x00000000e0380000)
  from space 18432K, 0% used [0x00000000e1780000,0x00000000e1780000,0x00000000e2980000)
  to   space 20480K, 0% used [0x00000000e0380000,0x00000000e0380000,0x00000000e1780000)
 ParOldGen       total 129536K, used 35301K [0x0000000080000000, 0x0000000087e80000, 0x00000000d5580000)
  object space 129536K, 27% used [0x0000000080000000,0x00000000822795c8,0x0000000087e80000)
 Metaspace       used 56843K, capacity 59036K, committed 59160K, reserved 1099776K
  class space    used 7686K, capacity 8197K, committed 8240K, reserved 1048576K
}
Event: 10.672 GC heap before
{Heap before GC invocations=16 (full 3):
 PSYoungGen      total 196608K, used 178176K [0x00000000d5580000, 0x00000000e3280000, 0x0000000100000000)
  eden space 178176K, 100% used [0x00000000d5580000,0x00000000e0380000,0x00000000e0380000)
  from space 18432K, 0% used [0x00000000e1780000,0x00000000e1780000,0x00000000e2980000)
  to   space 20480K, 0% used [0x00000000e0380000,0x00000000e0380000,0x00000000e1780000)
 ParOldGen       total 129536K, used 35301K [0x0000000080000000, 0x0000000087e80000, 0x00000000d5580000)
  object space 129536K, 27% used [0x0000000080000000,0x00000000822795c8,0x0000000087e80000)
 Metaspace       used 66519K, capacity 69278K, committed 69400K, reserved 1110016K
  class space    used 9143K, capacity 9752K, committed 9776K, reserved 1048576K
Event: 10.705 GC heap after
Heap after GC invocations=16 (full 3):
 PSYoungGen      total 198656K, used 18973K [0x00000000d5580000, 0x00000000e5700000, 0x0000000100000000)
  eden space 178176K, 0% used [0x00000000d5580000,0x00000000d5580000,0x00000000e0380000)
  from space 20480K, 92% used [0x00000000e0380000,0x00000000e16077e8,0x00000000e1780000)
  to   space 23040K, 0% used [0x00000000e4080000,0x00000000e4080000,0x00000000e5700000)
 ParOldGen       total 129536K, used 35309K [0x0000000080000000, 0x0000000087e80000, 0x00000000d5580000)
  object space 129536K, 27% used [0x0000000080000000,0x000000008227b5c8,0x0000000087e80000)
 Metaspace       used 66519K, capacity 69278K, committed 69400K, reserved 1110016K
  class space    used 9143K, capacity 9752K, committed 9776K, reserved 1048576K
}
Event: 12.575 GC heap before
{Heap before GC invocations=17 (full 3):
 PSYoungGen      total 198656K, used 197149K [0x00000000d5580000, 0x00000000e5700000, 0x0000000100000000)
  eden space 178176K, 100% used [0x00000000d5580000,0x00000000e0380000,0x00000000e0380000)
  from space 20480K, 92% used [0x00000000e0380000,0x00000000e16077e8,0x00000000e1780000)
  to   space 23040K, 0% used [0x00000000e4080000,0x00000000e4080000,0x00000000e5700000)
 ParOldGen       total 129536K, used 35309K [0x0000000080000000, 0x0000000087e80000, 0x00000000d5580000)
  object space 129536K, 27% used [0x0000000080000000,0x000000008227b5c8,0x0000000087e80000)
 Metaspace       used 68941K, capacity 72030K, committed 72344K, reserved 1112064K
  class space    used 9420K, capacity 10046K, committed 10160K, reserved 1048576K
Event: 12.603 GC heap after
Heap after GC invocations=17 (full 3):
 PSYoungGen      total 231936K, used 23017K [0x00000000d5580000, 0x00000000e6680000, 0x0000000100000000)
  eden space 208896K, 0% used [0x00000000d5580000,0x00000000d5580000,0x00000000e2180000)
  from space 23040K, 99% used [0x00000000e4080000,0x00000000e56fa500,0x00000000e5700000)
  to   space 31744K, 0% used [0x00000000e2180000,0x00000000e2180000,0x00000000e4080000)
 ParOldGen       total 129536K, used 49389K [0x0000000080000000, 0x0000000087e80000, 0x00000000d5580000)
  object space 129536K, 38% used [0x0000000080000000,0x000000008303b5b0,0x0000000087e80000)
 Metaspace       used 68941K, capacity 72030K, committed 72344K, reserved 1112064K
  class space    used 9420K, capacity 10046K, committed 10160K, reserved 1048576K
}
Event: 15.560 GC heap before
{Heap before GC invocations=18 (full 3):
 PSYoungGen      total 231936K, used 231913K [0x00000000d5580000, 0x00000000e6680000, 0x0000000100000000)
  eden space 208896K, 100% used [0x00000000d5580000,0x00000000e2180000,0x00000000e2180000)
  from space 23040K, 99% used [0x00000000e4080000,0x00000000e56fa500,0x00000000e5700000)
  to   space 31744K, 0% used [0x00000000e2180000,0x00000000e2180000,0x00000000e4080000)
 ParOldGen       total 129536K, used 49389K [0x0000000080000000, 0x0000000087e80000, 0x00000000d5580000)
  object space 129536K, 38% used [0x0000000080000000,0x000000008303b5b0,0x0000000087e80000)
 Metaspace       used 71209K, capacity 74402K, committed 74520K, reserved 1114112K
  class space    used 9655K, capacity 10272K, committed 10288K, reserved 1048576K
Event: 15.596 GC heap after
Heap after GC invocations=18 (full 3):
 PSYoungGen      total 240640K, used 31725K [0x00000000d5580000, 0x00000000e9f00000, 0x0000000100000000)
  eden space 208896K, 0% used [0x00000000d5580000,0x00000000d5580000,0x00000000e2180000)
  from space 31744K, 99% used [0x00000000e2180000,0x00000000e407b4f8,0x00000000e4080000)
  to   space 43520K, 0% used [0x00000000e7480000,0x00000000e7480000,0x00000000e9f00000)
 ParOldGen       total 129536K, used 68189K [0x0000000080000000, 0x0000000087e80000, 0x00000000d5580000)
  object space 129536K, 52% used [0x0000000080000000,0x0000000084297438,0x0000000087e80000)
 Metaspace       used 71209K, capacity 74402K, committed 74520K, reserved 1114112K
  class space    used 9655K, capacity 10272K, committed 10288K, reserved 1048576K
}

