# JRE version: OpenJDK Runtime Environment (8.0_242-b01) (build 1.8.0_242-release-1644-b01)
# Java VM: OpenJDK 64-Bit Server VM (25.242-b01 mixed mode windows-amd64 compressed oops)
Heap:
 PSYoungGen      total 308736K, used 110705K [0x00000000d5580000, 0x00000000ebe00000, 0x0000000100000000)
  eden space 253440K, 32% used [0x00000000d5580000,0x00000000da6b81c0,0x00000000e4d00000)
  from space 55296K, 49% used [0x00000000e8800000,0x00000000ea2e4548,0x00000000ebe00000)
  to   space 57856K, 0% used [0x00000000e4d00000,0x00000000e4d00000,0x00000000e8580000)
 ParOldGen       total 279040K, used 135164K [0x0000000080000000, 0x0000000091080000, 0x00000000d5580000)
  object space 279040K, 48% used [0x0000000080000000,0x00000000883ff130,0x0000000091080000)
 Metaspace       used 108717K, capacity 113920K, committed 114072K, reserved 1148928K
  class space    used 14156K, capacity 15278K, committed 15280K, reserved 1048576K
GC Heap History (10 events):
Event: 15.699 GC heap before
{Heap before GC invocations=18 (full 3):
 PSYoungGen      total 239104K, used 239074K [0x00000000d5580000, 0x00000000e5d00000, 0x0000000100000000)
  eden space 216064K, 100% used [0x00000000d5580000,0x00000000e2880000,0x00000000e2880000)
  from space 23040K, 99% used [0x00000000e4280000,0x00000000e58f88b8,0x00000000e5900000)
  to   space 26624K, 0% used [0x00000000e2880000,0x00000000e2880000,0x00000000e4280000)
 ParOldGen       total 129024K, used 36579K [0x0000000080000000, 0x0000000087e00000, 0x00000000d5580000)
  object space 129024K, 28% used [0x0000000080000000,0x00000000823b8ef8,0x0000000087e00000)
 Metaspace       used 80415K, capacity 83828K, committed 83992K, reserved 1122304K
  class space    used 10777K, capacity 11469K, committed 11568K, reserved 1048576K
Event: 15.727 GC heap after
Heap after GC invocations=18 (full 3):
 PSYoungGen      total 242688K, used 26613K [0x00000000d5580000, 0x00000000e9500000, 0x0000000100000000)
  eden space 216064K, 0% used [0x00000000d5580000,0x00000000d5580000,0x00000000e2880000)
  from space 26624K, 99% used [0x00000000e2880000,0x00000000e427d598,0x00000000e4280000)
  to   space 35840K, 0% used [0x00000000e7200000,0x00000000e7200000,0x00000000e9500000)
 ParOldGen       total 129024K, used 50506K [0x0000000080000000, 0x0000000087e00000, 0x00000000d5580000)
  object space 129024K, 39% used [0x0000000080000000,0x0000000083152808,0x0000000087e00000)
 Metaspace       used 80415K, capacity 83828K, committed 83992K, reserved 1122304K
  class space    used 10777K, capacity 11469K, committed 11568K, reserved 1048576K
}
Event: 17.384 GC heap before
{Heap before GC invocations=19 (full 3):
 PSYoungGen      total 242688K, used 242677K [0x00000000d5580000, 0x00000000e9500000, 0x0000000100000000)
  eden space 216064K, 100% used [0x00000000d5580000,0x00000000e2880000,0x00000000e2880000)
  from space 26624K, 99% used [0x00000000e2880000,0x00000000e427d598,0x00000000e4280000)
  to   space 35840K, 0% used [0x00000000e7200000,0x00000000e7200000,0x00000000e9500000)
 ParOldGen       total 129024K, used 50506K [0x0000000080000000, 0x0000000087e00000, 0x00000000d5580000)
  object space 129024K, 39% used [0x0000000080000000,0x0000000083152808,0x0000000087e00000)
 Metaspace       used 88353K, capacity 91806K, committed 92056K, reserved 1128448K
  class space    used 11668K, capacity 12392K, committed 12464K, reserved 1048576K
Event: 17.447 GC heap after
Heap after GC invocations=19 (full 3):
 PSYoungGen      total 264704K, used 35811K [0x00000000d5580000, 0x00000000ed280000, 0x0000000100000000)
  eden space 228864K, 0% used [0x00000000d5580000,0x00000000d5580000,0x00000000e3500000)
  from space 35840K, 99% used [0x00000000e7200000,0x00000000e94f8f88,0x00000000e9500000)
  to   space 62464K, 0% used [0x00000000e3500000,0x00000000e3500000,0x00000000e7200000)
 ParOldGen       total 129024K, used 106440K [0x0000000080000000, 0x0000000087e00000, 0x00000000d5580000)
  object space 129024K, 82% used [0x0000000080000000,0x00000000867f2118,0x0000000087e00000)
 Metaspace       used 88353K, capacity 91806K, committed 92056K, reserved 1128448K
  class space    used 11668K, capacity 12392K, committed 12464K, reserved 1048576K
}
Event: 17.447 GC heap before
{Heap before GC invocations=20 (full 4):
 PSYoungGen      total 264704K, used 35811K [0x00000000d5580000, 0x00000000ed280000, 0x0000000100000000)
  eden space 228864K, 0% used [0x00000000d5580000,0x00000000d5580000,0x00000000e3500000)
  from space 35840K, 99% used [0x00000000e7200000,0x00000000e94f8f88,0x00000000e9500000)
  to   space 62464K, 0% used [0x00000000e3500000,0x00000000e3500000,0x00000000e7200000)
 ParOldGen       total 129024K, used 106440K [0x0000000080000000, 0x0000000087e00000, 0x00000000d5580000)
  object space 129024K, 82% used [0x0000000080000000,0x00000000867f2118,0x0000000087e00000)
 Metaspace       used 88353K, capacity 91806K, committed 92056K, reserved 1128448K
  class space    used 11668K, capacity 12392K, committed 12464K, reserved 1048576K
Event: 18.002 GC heap after
Heap after GC invocations=20 (full 4):
 PSYoungGen      total 264704K, used 6103K [0x00000000d5580000, 0x00000000ed280000, 0x0000000100000000)
  eden space 228864K, 0% used [0x00000000d5580000,0x00000000d5580000,0x00000000e3500000)
  from space 35840K, 17% used [0x00000000e7200000,0x00000000e77f5e90,0x00000000e9500000)
  to   space 62464K, 0% used [0x00000000e3500000,0x00000000e3500000,0x00000000e7200000)
 ParOldGen       total 279040K, used 128972K [0x0000000080000000, 0x0000000091080000, 0x00000000d5580000)
  object space 279040K, 46% used [0x0000000080000000,0x0000000087df3130,0x0000000091080000)
 Metaspace       used 88314K, capacity 91680K, committed 92056K, reserved 1128448K
  class space    used 11656K, capacity 12371K, committed 12464K, reserved 1048576K
}
Event: 85.255 GC heap before
{Heap before GC invocations=21 (full 4):
 PSYoungGen      total 264704K, used 234967K [0x00000000d5580000, 0x00000000ed280000, 0x0000000100000000)
  eden space 228864K, 100% used [0x00000000d5580000,0x00000000e3500000,0x00000000e3500000)
  from space 35840K, 17% used [0x00000000e7200000,0x00000000e77f5e90,0x00000000e9500000)
  to   space 62464K, 0% used [0x00000000e3500000,0x00000000e3500000,0x00000000e7200000)
 ParOldGen       total 279040K, used 128972K [0x0000000080000000, 0x0000000091080000, 0x00000000d5580000)
  object space 279040K, 46% used [0x0000000080000000,0x0000000087df3130,0x0000000091080000)
 Metaspace       used 96900K, capacity 101120K, committed 101144K, reserved 1136640K
  class space    used 12478K, capacity 13357K, committed 13360K, reserved 1048576K
Event: 85.310 GC heap after
Heap after GC invocations=21 (full 4):
 PSYoungGen      total 291328K, used 15880K [0x00000000d5580000, 0x00000000ec200000, 0x0000000100000000)
  eden space 228864K, 0% used [0x00000000d5580000,0x00000000d5580000,0x00000000e3500000)
  from space 62464K, 25% used [0x00000000e3500000,0x00000000e4482000,0x00000000e7200000)
  to   space 59392K, 0% used [0x00000000e8800000,0x00000000e8800000,0x00000000ec200000)
 ParOldGen       total 279040K, used 135156K [0x0000000080000000, 0x0000000091080000, 0x00000000d5580000)
  object space 279040K, 48% used [0x0000000080000000,0x00000000883fd130,0x0000000091080000)
 Metaspace       used 96900K, capacity 101120K, committed 101144K, reserved 1136640K
  class space    used 12478K, capacity 13357K, committed 13360K, reserved 1048576K
}
Event: 87.850 GC heap before
{Heap before GC invocations=22 (full 4):
 PSYoungGen      total 291328K, used 244744K [0x00000000d5580000, 0x00000000ec200000, 0x0000000100000000)
  eden space 228864K, 100% used [0x00000000d5580000,0x00000000e3500000,0x00000000e3500000)
  from space 62464K, 25% used [0x00000000e3500000,0x00000000e4482000,0x00000000e7200000)
  to   space 59392K, 0% used [0x00000000e8800000,0x00000000e8800000,0x00000000ec200000)
 ParOldGen       total 279040K, used 135156K [0x0000000080000000, 0x0000000091080000, 0x00000000d5580000)
  object space 279040K, 48% used [0x0000000080000000,0x00000000883fd130,0x0000000091080000)
 Metaspace       used 103672K, capacity 108450K, committed 108696K, reserved 1142784K
  class space    used 13438K, capacity 14448K, committed 14512K, reserved 1048576K
Event: 87.879 GC heap after
Heap after GC invocations=22 (full 4):
 PSYoungGen      total 308736K, used 27537K [0x00000000d5580000, 0x00000000ebe00000, 0x0000000100000000)
  eden space 253440K, 0% used [0x00000000d5580000,0x00000000d5580000,0x00000000e4d00000)
  from space 55296K, 49% used [0x00000000e8800000,0x00000000ea2e4548,0x00000000ebe00000)
  to   space 57856K, 0% used [0x00000000e4d00000,0x00000000e4d00000,0x00000000e8580000)
 ParOldGen       total 279040K, used 135164K [0x0000000080000000, 0x0000000091080000, 0x00000000d5580000)
  object space 279040K, 48% used [0x0000000080000000,0x00000000883ff130,0x0000000091080000)
 Metaspace       used 103672K, capacity 108450K, committed 108696K, reserved 1142784K
  class space    used 13438K, capacity 14448K, committed 14512K, reserved 1048576K
}

