# JRE version: OpenJDK Runtime Environment (8.0_242-b01) (build 1.8.0_242-release-1644-b01)
# Java VM: OpenJDK 64-Bit Server VM (25.242-b01 mixed mode windows-amd64 compressed oops)
Heap:
 PSYoungGen      total 398848K, used 388166K [0x00000000d5580000, 0x00000000f0000000, 0x0000000100000000)
  eden space 370176K, 99% used [0x00000000d5580000,0x00000000ebd333e0,0x00000000ebf00000)
  from space 28672K, 69% used [0x00000000ee400000,0x00000000ef75e4a0,0x00000000f0000000)
  to   space 33280K, 0% used [0x00000000ebf00000,0x00000000ebf00000,0x00000000edf80000)
 ParOldGen       total 131072K, used 88087K [0x0000000080000000, 0x0000000088000000, 0x00000000d5580000)
  object space 131072K, 67% used [0x0000000080000000,0x0000000085605d68,0x0000000088000000)
 Metaspace       used 88389K, capacity 92134K, committed 92312K, reserved 1128448K
  class space    used 11627K, capacity 12351K, committed 12464K, reserved 1048576K
GC Heap History (10 events):
Event: 8.982 GC heap before
{Heap before GC invocations=13 (full 3):
 PSYoungGen      total 285696K, used 16893K [0x00000000d5580000, 0x00000000e8d00000, 0x0000000100000000)
  eden space 268800K, 0% used [0x00000000d5580000,0x00000000d5580000,0x00000000e5c00000)
  from space 16896K, 99% used [0x00000000e7280000,0x00000000e82ff400,0x00000000e8300000)
  to   space 23040K, 0% used [0x00000000e5c00000,0x00000000e5c00000,0x00000000e7280000)
 ParOldGen       total 81920K, used 27141K [0x0000000080000000, 0x0000000085000000, 0x00000000d5580000)
  object space 81920K, 33% used [0x0000000080000000,0x0000000081a81628,0x0000000085000000)
 Metaspace       used 57008K, capacity 59066K, committed 59160K, reserved 1099776K
  class space    used 7458K, capacity 7937K, committed 7984K, reserved 1048576K
Event: 9.211 GC heap after
Heap after GC invocations=13 (full 3):
 PSYoungGen      total 285696K, used 0K [0x00000000d5580000, 0x00000000e8d00000, 0x0000000100000000)
  eden space 268800K, 0% used [0x00000000d5580000,0x00000000d5580000,0x00000000e5c00000)
  from space 16896K, 0% used [0x00000000e7280000,0x00000000e7280000,0x00000000e8300000)
  to   space 23040K, 0% used [0x00000000e5c00000,0x00000000e5c00000,0x00000000e7280000)
 ParOldGen       total 131072K, used 39569K [0x0000000080000000, 0x0000000088000000, 0x00000000d5580000)
  object space 131072K, 30% used [0x0000000080000000,0x00000000826a4728,0x0000000088000000)
 Metaspace       used 56943K, capacity 58862K, committed 59160K, reserved 1099776K
  class space    used 7439K, capacity 7881K, committed 7984K, reserved 1048576K
}
Event: 20.114 GC heap before
{Heap before GC invocations=14 (full 3):
 PSYoungGen      total 285696K, used 268800K [0x00000000d5580000, 0x00000000e8d00000, 0x0000000100000000)
  eden space 268800K, 100% used [0x00000000d5580000,0x00000000e5c00000,0x00000000e5c00000)
  from space 16896K, 0% used [0x00000000e7280000,0x00000000e7280000,0x00000000e8300000)
  to   space 23040K, 0% used [0x00000000e5c00000,0x00000000e5c00000,0x00000000e7280000)
 ParOldGen       total 131072K, used 39569K [0x0000000080000000, 0x0000000088000000, 0x00000000d5580000)
  object space 131072K, 30% used [0x0000000080000000,0x00000000826a4728,0x0000000088000000)
 Metaspace       used 71608K, capacity 74678K, committed 74776K, reserved 1114112K
  class space    used 9655K, capacity 10272K, committed 10288K, reserved 1048576K
Event: 20.144 GC heap after
Heap after GC invocations=14 (full 3):
 PSYoungGen      total 291840K, used 23017K [0x00000000d5580000, 0x00000000eca00000, 0x0000000100000000)
  eden space 268800K, 0% used [0x00000000d5580000,0x00000000d5580000,0x00000000e5c00000)
  from space 23040K, 99% used [0x00000000e5c00000,0x00000000e727a428,0x00000000e7280000)
  to   space 28672K, 0% used [0x00000000eae00000,0x00000000eae00000,0x00000000eca00000)
 ParOldGen       total 131072K, used 45695K [0x0000000080000000, 0x0000000088000000, 0x00000000d5580000)
  object space 131072K, 34% used [0x0000000080000000,0x0000000082c9ffe8,0x0000000088000000)
 Metaspace       used 71608K, capacity 74678K, committed 74776K, reserved 1114112K
  class space    used 9655K, capacity 10272K, committed 10288K, reserved 1048576K
}
Event: 23.489 GC heap before
{Heap before GC invocations=15 (full 3):
 PSYoungGen      total 291840K, used 291817K [0x00000000d5580000, 0x00000000eca00000, 0x0000000100000000)
  eden space 268800K, 100% used [0x00000000d5580000,0x00000000e5c00000,0x00000000e5c00000)
  from space 23040K, 99% used [0x00000000e5c00000,0x00000000e727a428,0x00000000e7280000)
  to   space 28672K, 0% used [0x00000000eae00000,0x00000000eae00000,0x00000000eca00000)
 ParOldGen       total 131072K, used 45695K [0x0000000080000000, 0x0000000088000000, 0x00000000d5580000)
  object space 131072K, 34% used [0x0000000080000000,0x0000000082c9ffe8,0x0000000088000000)
 Metaspace       used 72290K, capacity 75446K, committed 75672K, reserved 1114112K
  class space    used 9675K, capacity 10314K, committed 10416K, reserved 1048576K
Event: 23.512 GC heap after
Heap after GC invocations=15 (full 3):
 PSYoungGen      total 341504K, used 6761K [0x00000000d5580000, 0x00000000ec400000, 0x0000000100000000)
  eden space 318976K, 0% used [0x00000000d5580000,0x00000000d5580000,0x00000000e8d00000)
  from space 22528K, 30% used [0x00000000eae00000,0x00000000eb49a730,0x00000000ec400000)
  to   space 28160K, 0% used [0x00000000e8d00000,0x00000000e8d00000,0x00000000ea880000)
 ParOldGen       total 131072K, used 62286K [0x0000000080000000, 0x0000000088000000, 0x00000000d5580000)
  object space 131072K, 47% used [0x0000000080000000,0x0000000083cd3898,0x0000000088000000)
 Metaspace       used 72290K, capacity 75446K, committed 75672K, reserved 1114112K
  class space    used 9675K, capacity 10314K, committed 10416K, reserved 1048576K
}
Event: 26.694 GC heap before
{Heap before GC invocations=16 (full 3):
 PSYoungGen      total 341504K, used 325737K [0x00000000d5580000, 0x00000000ec400000, 0x0000000100000000)
  eden space 318976K, 100% used [0x00000000d5580000,0x00000000e8d00000,0x00000000e8d00000)
  from space 22528K, 30% used [0x00000000eae00000,0x00000000eb49a730,0x00000000ec400000)
  to   space 28160K, 0% used [0x00000000e8d00000,0x00000000e8d00000,0x00000000ea880000)
 ParOldGen       total 131072K, used 62286K [0x0000000080000000, 0x0000000088000000, 0x00000000d5580000)
  object space 131072K, 47% used [0x0000000080000000,0x0000000083cd3898,0x0000000088000000)
 Metaspace       used 74385K, capacity 77674K, committed 77976K, reserved 1116160K
  class space    used 9898K, capacity 10560K, committed 10672K, reserved 1048576K
Event: 26.721 GC heap after
Heap after GC invocations=16 (full 3):
 PSYoungGen      total 347136K, used 28158K [0x00000000d5580000, 0x00000000f0480000, 0x0000000100000000)
  eden space 318976K, 0% used [0x00000000d5580000,0x00000000d5580000,0x00000000e8d00000)
  from space 28160K, 99% used [0x00000000e8d00000,0x00000000ea87f928,0x00000000ea880000)
  to   space 33280K, 0% used [0x00000000ee400000,0x00000000ee400000,0x00000000f0480000)
 ParOldGen       total 131072K, used 63602K [0x0000000080000000, 0x0000000088000000, 0x00000000d5580000)
  object space 131072K, 48% used [0x0000000080000000,0x0000000083e1c950,0x0000000088000000)
 Metaspace       used 74385K, capacity 77674K, committed 77976K, reserved 1116160K
  class space    used 9898K, capacity 10560K, committed 10672K, reserved 1048576K
}
Event: 33.359 GC heap before
{Heap before GC invocations=17 (full 3):
 PSYoungGen      total 347136K, used 347134K [0x00000000d5580000, 0x00000000f0480000, 0x0000000100000000)
  eden space 318976K, 100% used [0x00000000d5580000,0x00000000e8d00000,0x00000000e8d00000)
  from space 28160K, 99% used [0x00000000e8d00000,0x00000000ea87f928,0x00000000ea880000)
  to   space 33280K, 0% used [0x00000000ee400000,0x00000000ee400000,0x00000000f0480000)
 ParOldGen       total 131072K, used 63602K [0x0000000080000000, 0x0000000088000000, 0x00000000d5580000)
  object space 131072K, 48% used [0x0000000080000000,0x0000000083e1c950,0x0000000088000000)
 Metaspace       used 82385K, capacity 85734K, committed 86040K, reserved 1124352K
  class space    used 10851K, capacity 11510K, committed 11568K, reserved 1048576K
Event: 33.404 GC heap after
Heap after GC invocations=17 (full 3):
 PSYoungGen      total 398848K, used 19833K [0x00000000d5580000, 0x00000000f0000000, 0x0000000100000000)
  eden space 370176K, 0% used [0x00000000d5580000,0x00000000d5580000,0x00000000ebf00000)
  from space 28672K, 69% used [0x00000000ee400000,0x00000000ef75e4a0,0x00000000f0000000)
  to   space 33280K, 0% used [0x00000000ebf00000,0x00000000ebf00000,0x00000000edf80000)
 ParOldGen       total 131072K, used 88087K [0x0000000080000000, 0x0000000088000000, 0x00000000d5580000)
  object space 131072K, 67% used [0x0000000080000000,0x0000000085605d68,0x0000000088000000)
 Metaspace       used 82385K, capacity 85734K, committed 86040K, reserved 1124352K
  class space    used 10851K, capacity 11510K, committed 11568K, reserved 1048576K
}

