# JRE version: OpenJDK Runtime Environment (8.0_242-b01) (build 1.8.0_242-release-1644-b01)
# Java VM: OpenJDK 64-Bit Server VM (25.242-b01 mixed mode windows-amd64 compressed oops)
Heap:
 PSYoungGen      total 245760K, used 51067K [0x00000000d5580000, 0x00000000ea000000, 0x0000000100000000)
  eden space 218624K, 10% used [0x00000000d5580000,0x00000000d6ce4b70,0x00000000e2b00000)
  from space 27136K, 99% used [0x00000000e2b00000,0x00000000e457a408,0x00000000e4580000)
  to   space 36352K, 0% used [0x00000000e7c80000,0x00000000e7c80000,0x00000000ea000000)
 ParOldGen       total 124416K, used 52305K [0x0000000080000000, 0x0000000087980000, 0x00000000d5580000)
  object space 124416K, 42% used [0x0000000080000000,0x00000000833147e8,0x0000000087980000)
 Metaspace       used 86759K, capacity 91318K, committed 91608K, reserved 1128448K
  class space    used 11498K, capacity 12461K, committed 12544K, reserved 1048576K
GC Heap History (10 events):
Event: 8.310 GC heap before
{Heap before GC invocations=14 (full 2):
 PSYoungGen      total 162304K, used 70843K [0x00000000d5580000, 0x00000000e2e80000, 0x0000000100000000)
  eden space 148992K, 38% used [0x00000000d5580000,0x00000000d8db6b20,0x00000000de700000)
  from space 13312K, 99% used [0x00000000de700000,0x00000000df3f83c0,0x00000000df400000)
  to   space 18432K, 0% used [0x00000000e1c80000,0x00000000e1c80000,0x00000000e2e80000)
 ParOldGen       total 83968K, used 28443K [0x0000000080000000, 0x0000000085200000, 0x00000000d5580000)
  object space 83968K, 33% used [0x0000000080000000,0x0000000081bc6ce0,0x0000000085200000)
 Metaspace       used 56711K, capacity 58944K, committed 59028K, reserved 1099776K
  class space    used 7445K, capacity 7900K, committed 7936K, reserved 1048576K
Event: 8.329 GC heap after
Heap after GC invocations=14 (full 2):
 PSYoungGen      total 202752K, used 14715K [0x00000000d5580000, 0x00000000e3380000, 0x0000000100000000)
  eden space 184320K, 0% used [0x00000000d5580000,0x00000000d5580000,0x00000000e0980000)
  from space 18432K, 79% used [0x00000000e1c80000,0x00000000e2adee98,0x00000000e2e80000)
  to   space 19456K, 0% used [0x00000000e0980000,0x00000000e0980000,0x00000000e1c80000)
 ParOldGen       total 83968K, used 33757K [0x0000000080000000, 0x0000000085200000, 0x00000000d5580000)
  object space 83968K, 40% used [0x0000000080000000,0x00000000820f7450,0x0000000085200000)
 Metaspace       used 56711K, capacity 58944K, committed 59028K, reserved 1099776K
  class space    used 7445K, capacity 7900K, committed 7936K, reserved 1048576K
}
Event: 8.329 GC heap before
{Heap before GC invocations=15 (full 3):
 PSYoungGen      total 202752K, used 14715K [0x00000000d5580000, 0x00000000e3380000, 0x0000000100000000)
  eden space 184320K, 0% used [0x00000000d5580000,0x00000000d5580000,0x00000000e0980000)
  from space 18432K, 79% used [0x00000000e1c80000,0x00000000e2adee98,0x00000000e2e80000)
  to   space 19456K, 0% used [0x00000000e0980000,0x00000000e0980000,0x00000000e1c80000)
 ParOldGen       total 83968K, used 33757K [0x0000000080000000, 0x0000000085200000, 0x00000000d5580000)
  object space 83968K, 40% used [0x0000000080000000,0x00000000820f7450,0x0000000085200000)
 Metaspace       used 56711K, capacity 58944K, committed 59028K, reserved 1099776K
  class space    used 7445K, capacity 7900K, committed 7936K, reserved 1048576K
Event: 8.468 GC heap after
Heap after GC invocations=15 (full 3):
 PSYoungGen      total 202752K, used 0K [0x00000000d5580000, 0x00000000e3380000, 0x0000000100000000)
  eden space 184320K, 0% used [0x00000000d5580000,0x00000000d5580000,0x00000000e0980000)
  from space 18432K, 0% used [0x00000000e1c80000,0x00000000e1c80000,0x00000000e2e80000)
  to   space 19456K, 0% used [0x00000000e0980000,0x00000000e0980000,0x00000000e1c80000)
 ParOldGen       total 124416K, used 34140K [0x0000000080000000, 0x0000000087980000, 0x00000000d5580000)
  object space 124416K, 27% used [0x0000000080000000,0x00000000821573e0,0x0000000087980000)
 Metaspace       used 56697K, capacity 58914K, committed 59028K, reserved 1099776K
  class space    used 7440K, capacity 7893K, committed 7936K, reserved 1048576K
}
Event: 21.934 GC heap before
{Heap before GC invocations=16 (full 3):
 PSYoungGen      total 202752K, used 184320K [0x00000000d5580000, 0x00000000e3380000, 0x0000000100000000)
  eden space 184320K, 100% used [0x00000000d5580000,0x00000000e0980000,0x00000000e0980000)
  from space 18432K, 0% used [0x00000000e1c80000,0x00000000e1c80000,0x00000000e2e80000)
  to   space 19456K, 0% used [0x00000000e0980000,0x00000000e0980000,0x00000000e1c80000)
 ParOldGen       total 124416K, used 34140K [0x0000000080000000, 0x0000000087980000, 0x00000000d5580000)
  object space 124416K, 27% used [0x0000000080000000,0x00000000821573e0,0x0000000087980000)
 Metaspace       used 67079K, capacity 70164K, committed 70360K, reserved 1110016K
  class space    used 8707K, capacity 9430K, committed 9472K, reserved 1048576K
Event: 21.963 GC heap after
Heap after GC invocations=16 (full 3):
 PSYoungGen      total 203776K, used 18654K [0x00000000d5580000, 0x00000000e5b00000, 0x0000000100000000)
  eden space 184320K, 0% used [0x00000000d5580000,0x00000000d5580000,0x00000000e0980000)
  from space 19456K, 95% used [0x00000000e0980000,0x00000000e1bb7a50,0x00000000e1c80000)
  to   space 22016K, 0% used [0x00000000e4580000,0x00000000e4580000,0x00000000e5b00000)
 ParOldGen       total 124416K, used 34148K [0x0000000080000000, 0x0000000087980000, 0x00000000d5580000)
  object space 124416K, 27% used [0x0000000080000000,0x00000000821593e0,0x0000000087980000)
 Metaspace       used 67079K, capacity 70164K, committed 70360K, reserved 1110016K
  class space    used 8707K, capacity 9430K, committed 9472K, reserved 1048576K
}
Event: 24.109 GC heap before
{Heap before GC invocations=17 (full 3):
 PSYoungGen      total 203776K, used 202974K [0x00000000d5580000, 0x00000000e5b00000, 0x0000000100000000)
  eden space 184320K, 100% used [0x00000000d5580000,0x00000000e0980000,0x00000000e0980000)
  from space 19456K, 95% used [0x00000000e0980000,0x00000000e1bb7a50,0x00000000e1c80000)
  to   space 22016K, 0% used [0x00000000e4580000,0x00000000e4580000,0x00000000e5b00000)
 ParOldGen       total 124416K, used 34148K [0x0000000080000000, 0x0000000087980000, 0x00000000d5580000)
  object space 124416K, 27% used [0x0000000080000000,0x00000000821593e0,0x0000000087980000)
 Metaspace       used 76672K, capacity 80066K, committed 80216K, reserved 1118208K
  class space    used 10133K, capacity 10866K, committed 10880K, reserved 1048576K
Event: 24.148 GC heap after
Heap after GC invocations=17 (full 3):
 PSYoungGen      total 240640K, used 22002K [0x00000000d5580000, 0x00000000e6580000, 0x0000000100000000)
  eden space 218624K, 0% used [0x00000000d5580000,0x00000000d5580000,0x00000000e2b00000)
  from space 22016K, 99% used [0x00000000e4580000,0x00000000e5afc828,0x00000000e5b00000)
  to   space 27136K, 0% used [0x00000000e2b00000,0x00000000e2b00000,0x00000000e4580000)
 ParOldGen       total 124416K, used 38652K [0x0000000080000000, 0x0000000087980000, 0x00000000d5580000)
  object space 124416K, 31% used [0x0000000080000000,0x00000000825bf0a8,0x0000000087980000)
 Metaspace       used 76672K, capacity 80066K, committed 80216K, reserved 1118208K
  class space    used 10133K, capacity 10866K, committed 10880K, reserved 1048576K
}
Event: 26.504 GC heap before
{Heap before GC invocations=18 (full 3):
 PSYoungGen      total 240640K, used 240626K [0x00000000d5580000, 0x00000000e6580000, 0x0000000100000000)
  eden space 218624K, 100% used [0x00000000d5580000,0x00000000e2b00000,0x00000000e2b00000)
  from space 22016K, 99% used [0x00000000e4580000,0x00000000e5afc828,0x00000000e5b00000)
  to   space 27136K, 0% used [0x00000000e2b00000,0x00000000e2b00000,0x00000000e4580000)
 ParOldGen       total 124416K, used 38652K [0x0000000080000000, 0x0000000087980000, 0x00000000d5580000)
  object space 124416K, 31% used [0x0000000080000000,0x00000000825bf0a8,0x0000000087980000)
 Metaspace       used 85914K, capacity 90484K, committed 90712K, reserved 1128448K
  class space    used 11388K, capacity 12320K, committed 12416K, reserved 1048576K
Event: 26.541 GC heap after
Heap after GC invocations=18 (full 3):
 PSYoungGen      total 245760K, used 27113K [0x00000000d5580000, 0x00000000ea000000, 0x0000000100000000)
  eden space 218624K, 0% used [0x00000000d5580000,0x00000000d5580000,0x00000000e2b00000)
  from space 27136K, 99% used [0x00000000e2b00000,0x00000000e457a408,0x00000000e4580000)
  to   space 36352K, 0% used [0x00000000e7c80000,0x00000000e7c80000,0x00000000ea000000)
 ParOldGen       total 124416K, used 52305K [0x0000000080000000, 0x0000000087980000, 0x00000000d5580000)
  object space 124416K, 42% used [0x0000000080000000,0x00000000833147e8,0x0000000087980000)
 Metaspace       used 85914K, capacity 90484K, committed 90712K, reserved 1128448K
  class space    used 11388K, capacity 12320K, committed 12416K, reserved 1048576K
}

