# JRE version: OpenJDK Runtime Environment (8.0_242-b01) (build 1.8.0_242-release-1644-b01)
# Java VM: OpenJDK 64-Bit Server VM (25.242-b01 mixed mode windows-amd64 compressed oops)
Heap:
 PSYoungGen      total 163328K, used 81886K [0x00000000d5580000, 0x00000000e0580000, 0x0000000100000000)
  eden space 150528K, 54% used [0x00000000d5580000,0x00000000da577bc8,0x00000000de880000)
  from space 12800K, 0% used [0x00000000df500000,0x00000000df500000,0x00000000e0180000)
  to   space 12800K, 0% used [0x00000000de880000,0x00000000de880000,0x00000000df500000)
 ParOldGen       total 81920K, used 45076K [0x0000000080000000, 0x0000000085000000, 0x00000000d5580000)
  object space 81920K, 55% used [0x0000000080000000,0x0000000082c05230,0x0000000085000000)
 Metaspace       used 62517K, capacity 64796K, committed 65048K, reserved 1105920K
  class space    used 8397K, capacity 8895K, committed 9008K, reserved 1048576K
GC Heap History (10 events):
Event: 4.446 GC heap before
{Heap before GC invocations=11 (full 2):
 PSYoungGen      total 131584K, used 10748K [0x00000000d5580000, 0x00000000e0180000, 0x0000000100000000)
  eden space 120832K, 0% used [0x00000000d5580000,0x00000000d5580000,0x00000000dcb80000)
  from space 10752K, 99% used [0x00000000dcb80000,0x00000000dd5ff1a0,0x00000000dd600000)
  to   space 12800K, 0% used [0x00000000df500000,0x00000000df500000,0x00000000e0180000)
 ParOldGen       total 50688K, used 8414K [0x0000000080000000, 0x0000000083180000, 0x00000000d5580000)
  object space 50688K, 16% used [0x0000000080000000,0x00000000808378f8,0x0000000083180000)
 Metaspace       used 34332K, capacity 35406K, committed 35496K, reserved 1079296K
  class space    used 4727K, capacity 5002K, committed 5040K, reserved 1048576K
Event: 4.517 GC heap after
Heap after GC invocations=11 (full 2):
 PSYoungGen      total 131584K, used 0K [0x00000000d5580000, 0x00000000e0180000, 0x0000000100000000)
  eden space 120832K, 0% used [0x00000000d5580000,0x00000000d5580000,0x00000000dcb80000)
  from space 10752K, 0% used [0x00000000dcb80000,0x00000000dcb80000,0x00000000dd600000)
  to   space 12800K, 0% used [0x00000000df500000,0x00000000df500000,0x00000000e0180000)
 ParOldGen       total 81920K, used 18255K [0x0000000080000000, 0x0000000085000000, 0x00000000d5580000)
  object space 81920K, 22% used [0x0000000080000000,0x00000000811d3d08,0x0000000085000000)
 Metaspace       used 34332K, capacity 35406K, committed 35496K, reserved 1079296K
  class space    used 4727K, capacity 5002K, committed 5040K, reserved 1048576K
}
Event: 5.422 GC heap before
{Heap before GC invocations=12 (full 2):
 PSYoungGen      total 131584K, used 120832K [0x00000000d5580000, 0x00000000e0180000, 0x0000000100000000)
  eden space 120832K, 100% used [0x00000000d5580000,0x00000000dcb80000,0x00000000dcb80000)
  from space 10752K, 0% used [0x00000000dcb80000,0x00000000dcb80000,0x00000000dd600000)
  to   space 12800K, 0% used [0x00000000df500000,0x00000000df500000,0x00000000e0180000)
 ParOldGen       total 81920K, used 18255K [0x0000000080000000, 0x0000000085000000, 0x00000000d5580000)
  object space 81920K, 22% used [0x0000000080000000,0x00000000811d3d08,0x0000000085000000)
 Metaspace       used 37351K, capacity 39060K, committed 39336K, reserved 1083392K
  class space    used 5132K, capacity 5510K, committed 5552K, reserved 1048576K
Event: 5.436 GC heap after
Heap after GC invocations=12 (full 2):
 PSYoungGen      total 163328K, used 8384K [0x00000000d5580000, 0x00000000e0580000, 0x0000000100000000)
  eden space 150528K, 0% used [0x00000000d5580000,0x00000000d5580000,0x00000000de880000)
  from space 12800K, 65% used [0x00000000df500000,0x00000000dfd303a8,0x00000000e0180000)
  to   space 12800K, 0% used [0x00000000de880000,0x00000000de880000,0x00000000df500000)
 ParOldGen       total 81920K, used 18263K [0x0000000080000000, 0x0000000085000000, 0x00000000d5580000)
  object space 81920K, 22% used [0x0000000080000000,0x00000000811d5d08,0x0000000085000000)
 Metaspace       used 37351K, capacity 39060K, committed 39336K, reserved 1083392K
  class space    used 5132K, capacity 5510K, committed 5552K, reserved 1048576K
}
Event: 7.694 GC heap before
{Heap before GC invocations=13 (full 2):
 PSYoungGen      total 163328K, used 158912K [0x00000000d5580000, 0x00000000e0580000, 0x0000000100000000)
  eden space 150528K, 100% used [0x00000000d5580000,0x00000000de880000,0x00000000de880000)
  from space 12800K, 65% used [0x00000000df500000,0x00000000dfd303a8,0x00000000e0180000)
  to   space 12800K, 0% used [0x00000000de880000,0x00000000de880000,0x00000000df500000)
 ParOldGen       total 81920K, used 18263K [0x0000000080000000, 0x0000000085000000, 0x00000000d5580000)
  object space 81920K, 22% used [0x0000000080000000,0x00000000811d5d08,0x0000000085000000)
 Metaspace       used 52496K, capacity 54410K, committed 54568K, reserved 1095680K
  class space    used 6972K, capacity 7413K, committed 7472K, reserved 1048576K
Event: 7.715 GC heap after
Heap after GC invocations=13 (full 2):
 PSYoungGen      total 163328K, used 12796K [0x00000000d5580000, 0x00000000e0580000, 0x0000000100000000)
  eden space 150528K, 0% used [0x00000000d5580000,0x00000000d5580000,0x00000000de880000)
  from space 12800K, 99% used [0x00000000de880000,0x00000000df4ff320,0x00000000df500000)
  to   space 12800K, 0% used [0x00000000df500000,0x00000000df500000,0x00000000e0180000)
 ParOldGen       total 81920K, used 29791K [0x0000000080000000, 0x0000000085000000, 0x00000000d5580000)
  object space 81920K, 36% used [0x0000000080000000,0x0000000081d17c08,0x0000000085000000)
 Metaspace       used 52496K, capacity 54410K, committed 54568K, reserved 1095680K
  class space    used 6972K, capacity 7413K, committed 7472K, reserved 1048576K
}
Event: 8.617 GC heap before
{Heap before GC invocations=14 (full 2):
 PSYoungGen      total 163328K, used 87038K [0x00000000d5580000, 0x00000000e0580000, 0x0000000100000000)
  eden space 150528K, 49% used [0x00000000d5580000,0x00000000d9e005f0,0x00000000de880000)
  from space 12800K, 99% used [0x00000000de880000,0x00000000df4ff320,0x00000000df500000)
  to   space 12800K, 0% used [0x00000000df500000,0x00000000df500000,0x00000000e0180000)
 ParOldGen       total 81920K, used 29791K [0x0000000080000000, 0x0000000085000000, 0x00000000d5580000)
  object space 81920K, 36% used [0x0000000080000000,0x0000000081d17c08,0x0000000085000000)
 Metaspace       used 56920K, capacity 59076K, committed 59160K, reserved 1099776K
  class space    used 7452K, capacity 7934K, committed 7984K, reserved 1048576K
Event: 8.638 GC heap after
Heap after GC invocations=14 (full 2):
 PSYoungGen      total 163328K, used 12784K [0x00000000d5580000, 0x00000000e0580000, 0x0000000100000000)
  eden space 150528K, 0% used [0x00000000d5580000,0x00000000d5580000,0x00000000de880000)
  from space 12800K, 99% used [0x00000000df500000,0x00000000e017c1b8,0x00000000e0180000)
  to   space 12800K, 0% used [0x00000000de880000,0x00000000de880000,0x00000000df500000)
 ParOldGen       total 81920K, used 38527K [0x0000000080000000, 0x0000000085000000, 0x00000000d5580000)
  object space 81920K, 47% used [0x0000000080000000,0x000000008259fcb0,0x0000000085000000)
 Metaspace       used 56920K, capacity 59076K, committed 59160K, reserved 1099776K
  class space    used 7452K, capacity 7934K, committed 7984K, reserved 1048576K
}
Event: 8.638 GC heap before
{Heap before GC invocations=15 (full 3):
 PSYoungGen      total 163328K, used 12784K [0x00000000d5580000, 0x00000000e0580000, 0x0000000100000000)
  eden space 150528K, 0% used [0x00000000d5580000,0x00000000d5580000,0x00000000de880000)
  from space 12800K, 99% used [0x00000000df500000,0x00000000e017c1b8,0x00000000e0180000)
  to   space 12800K, 0% used [0x00000000de880000,0x00000000de880000,0x00000000df500000)
 ParOldGen       total 81920K, used 38527K [0x0000000080000000, 0x0000000085000000, 0x00000000d5580000)
  object space 81920K, 47% used [0x0000000080000000,0x000000008259fcb0,0x0000000085000000)
 Metaspace       used 56920K, capacity 59076K, committed 59160K, reserved 1099776K
  class space    used 7452K, capacity 7934K, committed 7984K, reserved 1048576K
Event: 8.825 GC heap after
Heap after GC invocations=15 (full 3):
 PSYoungGen      total 163328K, used 0K [0x00000000d5580000, 0x00000000e0580000, 0x0000000100000000)
  eden space 150528K, 0% used [0x00000000d5580000,0x00000000d5580000,0x00000000de880000)
  from space 12800K, 0% used [0x00000000df500000,0x00000000df500000,0x00000000e0180000)
  to   space 12800K, 0% used [0x00000000de880000,0x00000000de880000,0x00000000df500000)
 ParOldGen       total 81920K, used 45076K [0x0000000080000000, 0x0000000085000000, 0x00000000d5580000)
  object space 81920K, 55% used [0x0000000080000000,0x0000000082c05230,0x0000000085000000)
 Metaspace       used 56861K, capacity 58878K, committed 59160K, reserved 1099776K
  class space    used 7436K, capacity 7881K, committed 7984K, reserved 1048576K
}

