# JRE version: OpenJDK Runtime Environment (8.0_242-b01) (build 1.8.0_242-release-1644-b01)
# Java VM: OpenJDK 64-Bit Server VM (25.242-b01 mixed mode windows-amd64 compressed oops)
Heap:
 PSYoungGen      total 293376K, used 149982K [0x00000000d5580000, 0x00000000ebc00000, 0x0000000100000000)
  eden space 253952K, 48% used [0x00000000d5580000,0x00000000dccf8c60,0x00000000e4d80000)
  from space 39424K, 70% used [0x00000000e4d80000,0x00000000e687eef0,0x00000000e7400000)
  to   space 41472K, 0% used [0x00000000e9380000,0x00000000e9380000,0x00000000ebc00000)
 ParOldGen       total 128512K, used 82724K [0x0000000080000000, 0x0000000087d80000, 0x00000000d5580000)
  object space 128512K, 64% used [0x0000000080000000,0x00000000850c93e0,0x0000000087d80000)
 Metaspace       used 84047K, capacity 87896K, committed 88088K, reserved 1126400K
  class space    used 11292K, capacity 12042K, committed 12080K, reserved 1048576K
GC Heap History (10 events):
Event: 13.074 GC heap before
{Heap before GC invocations=16 (full 3):
 PSYoungGen      total 198144K, used 179712K [0x00000000d5580000, 0x00000000e2f00000, 0x0000000100000000)
  eden space 179712K, 100% used [0x00000000d5580000,0x00000000e0500000,0x00000000e0500000)
  from space 18432K, 0% used [0x00000000e1900000,0x00000000e1900000,0x00000000e2b00000)
  to   space 20480K, 0% used [0x00000000e0500000,0x00000000e0500000,0x00000000e1900000)
 ParOldGen       total 128512K, used 35209K [0x0000000080000000, 0x0000000087d80000, 0x00000000d5580000)
  object space 128512K, 27% used [0x0000000080000000,0x0000000082262680,0x0000000087d80000)
 Metaspace       used 66503K, capacity 69284K, committed 69400K, reserved 1110016K
  class space    used 9151K, capacity 9753K, committed 9776K, reserved 1048576K
Event: 13.091 GC heap after
Heap after GC invocations=16 (full 3):
 PSYoungGen      total 200192K, used 18451K [0x00000000d5580000, 0x00000000e5600000, 0x0000000100000000)
  eden space 179712K, 0% used [0x00000000d5580000,0x00000000d5580000,0x00000000e0500000)
  from space 20480K, 90% used [0x00000000e0500000,0x00000000e1704f30,0x00000000e1900000)
  to   space 22528K, 0% used [0x00000000e4000000,0x00000000e4000000,0x00000000e5600000)
 ParOldGen       total 128512K, used 35217K [0x0000000080000000, 0x0000000087d80000, 0x00000000d5580000)
  object space 128512K, 27% used [0x0000000080000000,0x0000000082264680,0x0000000087d80000)
 Metaspace       used 66503K, capacity 69284K, committed 69400K, reserved 1110016K
  class space    used 9151K, capacity 9753K, committed 9776K, reserved 1048576K
}
Event: 15.300 GC heap before
{Heap before GC invocations=17 (full 3):
 PSYoungGen      total 200192K, used 198163K [0x00000000d5580000, 0x00000000e5600000, 0x0000000100000000)
  eden space 179712K, 100% used [0x00000000d5580000,0x00000000e0500000,0x00000000e0500000)
  from space 20480K, 90% used [0x00000000e0500000,0x00000000e1704f30,0x00000000e1900000)
  to   space 22528K, 0% used [0x00000000e4000000,0x00000000e4000000,0x00000000e5600000)
 ParOldGen       total 128512K, used 35217K [0x0000000080000000, 0x0000000087d80000, 0x00000000d5580000)
  object space 128512K, 27% used [0x0000000080000000,0x0000000082264680,0x0000000087d80000)
 Metaspace       used 69136K, capacity 72474K, committed 72600K, reserved 1112064K
  class space    used 9472K, capacity 10144K, committed 10160K, reserved 1048576K
Event: 15.334 GC heap after
Heap after GC invocations=17 (full 3):
 PSYoungGen      total 233984K, used 22509K [0x00000000d5580000, 0x00000000e6380000, 0x0000000100000000)
  eden space 211456K, 0% used [0x00000000d5580000,0x00000000d5580000,0x00000000e2400000)
  from space 22528K, 99% used [0x00000000e4000000,0x00000000e55fb540,0x00000000e5600000)
  to   space 28672K, 0% used [0x00000000e2400000,0x00000000e2400000,0x00000000e4000000)
 ParOldGen       total 128512K, used 41909K [0x0000000080000000, 0x0000000087d80000, 0x00000000d5580000)
  object space 128512K, 32% used [0x0000000080000000,0x00000000828ed7c0,0x0000000087d80000)
 Metaspace       used 69136K, capacity 72474K, committed 72600K, reserved 1112064K
  class space    used 9472K, capacity 10144K, committed 10160K, reserved 1048576K
}
Event: 18.527 GC heap before
{Heap before GC invocations=18 (full 3):
 PSYoungGen      total 233984K, used 233965K [0x00000000d5580000, 0x00000000e6380000, 0x0000000100000000)
  eden space 211456K, 100% used [0x00000000d5580000,0x00000000e2400000,0x00000000e2400000)
  from space 22528K, 99% used [0x00000000e4000000,0x00000000e55fb540,0x00000000e5600000)
  to   space 28672K, 0% used [0x00000000e2400000,0x00000000e2400000,0x00000000e4000000)
 ParOldGen       total 128512K, used 41909K [0x0000000080000000, 0x0000000087d80000, 0x00000000d5580000)
  object space 128512K, 32% used [0x0000000080000000,0x00000000828ed7c0,0x0000000087d80000)
 Metaspace       used 72689K, capacity 76044K, committed 76312K, reserved 1116160K
  class space    used 9878K, capacity 10533K, committed 10544K, reserved 1048576K
Event: 18.565 GC heap after
Heap after GC invocations=18 (full 3):
 PSYoungGen      total 240128K, used 28661K [0x00000000d5580000, 0x00000000e9f00000, 0x0000000100000000)
  eden space 211456K, 0% used [0x00000000d5580000,0x00000000d5580000,0x00000000e2400000)
  from space 28672K, 99% used [0x00000000e2400000,0x00000000e3ffd5d0,0x00000000e4000000)
  to   space 40448K, 0% used [0x00000000e7780000,0x00000000e7780000,0x00000000e9f00000)
 ParOldGen       total 128512K, used 62336K [0x0000000080000000, 0x0000000087d80000, 0x00000000d5580000)
  object space 128512K, 48% used [0x0000000080000000,0x0000000083ce01d8,0x0000000087d80000)
 Metaspace       used 72689K, capacity 76044K, committed 76312K, reserved 1116160K
  class space    used 9878K, capacity 10533K, committed 10544K, reserved 1048576K
}
Event: 22.491 GC heap before
{Heap before GC invocations=19 (full 3):
 PSYoungGen      total 240128K, used 240117K [0x00000000d5580000, 0x00000000e9f00000, 0x0000000100000000)
  eden space 211456K, 100% used [0x00000000d5580000,0x00000000e2400000,0x00000000e2400000)
  from space 28672K, 99% used [0x00000000e2400000,0x00000000e3ffd5d0,0x00000000e4000000)
  to   space 40448K, 0% used [0x00000000e7780000,0x00000000e7780000,0x00000000e9f00000)
 ParOldGen       total 128512K, used 62336K [0x0000000080000000, 0x0000000087d80000, 0x00000000d5580000)
  object space 128512K, 48% used [0x0000000080000000,0x0000000083ce01d8,0x0000000087d80000)
 Metaspace       used 77153K, capacity 80638K, committed 80792K, reserved 1118208K
  class space    used 10405K, capacity 11100K, committed 11184K, reserved 1048576K
Event: 22.525 GC heap after
Heap after GC invocations=19 (full 3):
 PSYoungGen      total 289792K, used 19576K [0x00000000d5580000, 0x00000000e9a80000, 0x0000000100000000)
  eden space 253952K, 0% used [0x00000000d5580000,0x00000000d5580000,0x00000000e4d80000)
  from space 35840K, 54% used [0x00000000e7780000,0x00000000e8a9e360,0x00000000e9a80000)
  to   space 39424K, 0% used [0x00000000e4d80000,0x00000000e4d80000,0x00000000e7400000)
 ParOldGen       total 128512K, used 82716K [0x0000000080000000, 0x0000000087d80000, 0x00000000d5580000)
  object space 128512K, 64% used [0x0000000080000000,0x00000000850c73e0,0x0000000087d80000)
 Metaspace       used 77153K, capacity 80638K, committed 80792K, reserved 1118208K
  class space    used 10405K, capacity 11100K, committed 11184K, reserved 1048576K
}
Event: 28.107 GC heap before
{Heap before GC invocations=20 (full 3):
 PSYoungGen      total 289792K, used 273528K [0x00000000d5580000, 0x00000000e9a80000, 0x0000000100000000)
  eden space 253952K, 100% used [0x00000000d5580000,0x00000000e4d80000,0x00000000e4d80000)
  from space 35840K, 54% used [0x00000000e7780000,0x00000000e8a9e360,0x00000000e9a80000)
  to   space 39424K, 0% used [0x00000000e4d80000,0x00000000e4d80000,0x00000000e7400000)
 ParOldGen       total 128512K, used 82716K [0x0000000080000000, 0x0000000087d80000, 0x00000000d5580000)
  object space 128512K, 64% used [0x0000000080000000,0x00000000850c73e0,0x0000000087d80000)
 Metaspace       used 80158K, capacity 83940K, committed 84248K, reserved 1122304K
  class space    used 10743K, capacity 11475K, committed 11568K, reserved 1048576K
Event: 28.129 GC heap after
Heap after GC invocations=20 (full 3):
 PSYoungGen      total 293376K, used 27643K [0x00000000d5580000, 0x00000000ebc00000, 0x0000000100000000)
  eden space 253952K, 0% used [0x00000000d5580000,0x00000000d5580000,0x00000000e4d80000)
  from space 39424K, 70% used [0x00000000e4d80000,0x00000000e687eef0,0x00000000e7400000)
  to   space 41472K, 0% used [0x00000000e9380000,0x00000000e9380000,0x00000000ebc00000)
 ParOldGen       total 128512K, used 82724K [0x0000000080000000, 0x0000000087d80000, 0x00000000d5580000)
  object space 128512K, 64% used [0x0000000080000000,0x00000000850c93e0,0x0000000087d80000)
 Metaspace       used 80158K, capacity 83940K, committed 84248K, reserved 1122304K
  class space    used 10743K, capacity 11475K, committed 11568K, reserved 1048576K
}

