# JRE version: OpenJDK Runtime Environment (8.0_242-b01) (build 1.8.0_242-release-1644-b01)
# Java VM: OpenJDK 64-Bit Server VM (25.242-b01 mixed mode windows-amd64 compressed oops)
Heap:
 PSYoungGen      total 346112K, used 218156K [0x00000000d5580000, 0x00000000eca80000, 0x0000000100000000)
  eden space 331264K, 61% used [0x00000000d5580000,0x00000000e1c0c890,0x00000000e9900000)
  from space 14848K, 99% used [0x00000000eac80000,0x00000000ebafeb20,0x00000000ebb00000)
  to   space 19968K, 0% used [0x00000000e9900000,0x00000000e9900000,0x00000000eac80000)
 ParOldGen       total 88064K, used 51225K [0x0000000080000000, 0x0000000085600000, 0x00000000d5580000)
  object space 88064K, 58% used [0x0000000080000000,0x00000000832066b0,0x0000000085600000)
 Metaspace       used 82280K, capacity 86164K, committed 86488K, reserved 1124352K
  class space    used 11087K, capacity 11923K, committed 12032K, reserved 1048576K
GC Heap History (10 events):
Event: 4.189 GC heap before
{Heap before GC invocations=9 (full 2):
 PSYoungGen      total 263168K, used 8565K [0x00000000d5580000, 0x00000000ebb00000, 0x0000000100000000)
  eden space 247808K, 0% used [0x00000000d5580000,0x00000000d5580000,0x00000000e4780000)
  from space 15360K, 55% used [0x00000000e4780000,0x00000000e4fdd540,0x00000000e5680000)
  to   space 14848K, 0% used [0x00000000eac80000,0x00000000eac80000,0x00000000ebb00000)
 ParOldGen       total 56320K, used 8354K [0x0000000080000000, 0x0000000083700000, 0x00000000d5580000)
  object space 56320K, 14% used [0x0000000080000000,0x0000000080828af8,0x0000000083700000)
 Metaspace       used 34005K, capacity 35298K, committed 35416K, reserved 1079296K
  class space    used 4582K, capacity 4880K, committed 4992K, reserved 1048576K
Event: 4.270 GC heap after
Heap after GC invocations=9 (full 2):
 PSYoungGen      total 263168K, used 0K [0x00000000d5580000, 0x00000000ebb00000, 0x0000000100000000)
  eden space 247808K, 0% used [0x00000000d5580000,0x00000000d5580000,0x00000000e4780000)
  from space 15360K, 0% used [0x00000000e4780000,0x00000000e4780000,0x00000000e5680000)
  to   space 14848K, 0% used [0x00000000eac80000,0x00000000eac80000,0x00000000ebb00000)
 ParOldGen       total 88064K, used 14973K [0x0000000080000000, 0x0000000085600000, 0x00000000d5580000)
  object space 88064K, 17% used [0x0000000080000000,0x0000000080e9f630,0x0000000085600000)
 Metaspace       used 34005K, capacity 35298K, committed 35416K, reserved 1079296K
  class space    used 4582K, capacity 4880K, committed 4992K, reserved 1048576K
}
Event: 6.578 GC heap before
{Heap before GC invocations=10 (full 2):
 PSYoungGen      total 263168K, used 247808K [0x00000000d5580000, 0x00000000ebb00000, 0x0000000100000000)
  eden space 247808K, 100% used [0x00000000d5580000,0x00000000e4780000,0x00000000e4780000)
  from space 15360K, 0% used [0x00000000e4780000,0x00000000e4780000,0x00000000e5680000)
  to   space 14848K, 0% used [0x00000000eac80000,0x00000000eac80000,0x00000000ebb00000)
 ParOldGen       total 88064K, used 14973K [0x0000000080000000, 0x0000000085600000, 0x00000000d5580000)
  object space 88064K, 17% used [0x0000000080000000,0x0000000080e9f630,0x0000000085600000)
 Metaspace       used 48496K, capacity 50576K, committed 50648K, reserved 1093632K
  class space    used 6454K, capacity 6908K, committed 6912K, reserved 1048576K
Event: 6.596 GC heap after
Heap after GC invocations=10 (full 2):
 PSYoungGen      total 346112K, used 14847K [0x00000000d5580000, 0x00000000eca80000, 0x0000000100000000)
  eden space 331264K, 0% used [0x00000000d5580000,0x00000000d5580000,0x00000000e9900000)
  from space 14848K, 99% used [0x00000000eac80000,0x00000000ebafffe8,0x00000000ebb00000)
  to   space 19968K, 0% used [0x00000000e9900000,0x00000000e9900000,0x00000000eac80000)
 ParOldGen       total 88064K, used 21674K [0x0000000080000000, 0x0000000085600000, 0x00000000d5580000)
  object space 88064K, 24% used [0x0000000080000000,0x000000008152a9d0,0x0000000085600000)
 Metaspace       used 48496K, capacity 50576K, committed 50648K, reserved 1093632K
  class space    used 6454K, capacity 6908K, committed 6912K, reserved 1048576K
}
Event: 7.617 GC heap before
{Heap before GC invocations=11 (full 2):
 PSYoungGen      total 346112K, used 118721K [0x00000000d5580000, 0x00000000eca80000, 0x0000000100000000)
  eden space 331264K, 31% used [0x00000000d5580000,0x00000000dbaf07e0,0x00000000e9900000)
  from space 14848K, 99% used [0x00000000eac80000,0x00000000ebafffe8,0x00000000ebb00000)
  to   space 19968K, 0% used [0x00000000e9900000,0x00000000e9900000,0x00000000eac80000)
 ParOldGen       total 88064K, used 21674K [0x0000000080000000, 0x0000000085600000, 0x00000000d5580000)
  object space 88064K, 24% used [0x0000000080000000,0x000000008152a9d0,0x0000000085600000)
 Metaspace       used 56709K, capacity 58982K, committed 59028K, reserved 1099776K
  class space    used 7447K, capacity 7907K, committed 7936K, reserved 1048576K
Event: 7.635 GC heap after
Heap after GC invocations=11 (full 2):
 PSYoungGen      total 351232K, used 19966K [0x00000000d5580000, 0x00000000eca80000, 0x0000000100000000)
  eden space 331264K, 0% used [0x00000000d5580000,0x00000000d5580000,0x00000000e9900000)
  from space 19968K, 99% used [0x00000000e9900000,0x00000000eac7f808,0x00000000eac80000)
  to   space 14848K, 0% used [0x00000000eac80000,0x00000000eac80000,0x00000000ebb00000)
 ParOldGen       total 88064K, used 23883K [0x0000000080000000, 0x0000000085600000, 0x00000000d5580000)
  object space 88064K, 27% used [0x0000000080000000,0x0000000081752e78,0x0000000085600000)
 Metaspace       used 56709K, capacity 58982K, committed 59028K, reserved 1099776K
  class space    used 7447K, capacity 7907K, committed 7936K, reserved 1048576K
}
Event: 7.635 GC heap before
{Heap before GC invocations=12 (full 3):
 PSYoungGen      total 351232K, used 19966K [0x00000000d5580000, 0x00000000eca80000, 0x0000000100000000)
  eden space 331264K, 0% used [0x00000000d5580000,0x00000000d5580000,0x00000000e9900000)
  from space 19968K, 99% used [0x00000000e9900000,0x00000000eac7f808,0x00000000eac80000)
  to   space 14848K, 0% used [0x00000000eac80000,0x00000000eac80000,0x00000000ebb00000)
 ParOldGen       total 88064K, used 23883K [0x0000000080000000, 0x0000000085600000, 0x00000000d5580000)
  object space 88064K, 27% used [0x0000000080000000,0x0000000081752e78,0x0000000085600000)
 Metaspace       used 56709K, capacity 58982K, committed 59028K, reserved 1099776K
  class space    used 7447K, capacity 7907K, committed 7936K, reserved 1048576K
Event: 7.821 GC heap after
Heap after GC invocations=12 (full 3):
 PSYoungGen      total 351232K, used 0K [0x00000000d5580000, 0x00000000eca80000, 0x0000000100000000)
  eden space 331264K, 0% used [0x00000000d5580000,0x00000000d5580000,0x00000000e9900000)
  from space 19968K, 0% used [0x00000000e9900000,0x00000000e9900000,0x00000000eac80000)
  to   space 14848K, 0% used [0x00000000eac80000,0x00000000eac80000,0x00000000ebb00000)
 ParOldGen       total 88064K, used 35328K [0x0000000080000000, 0x0000000085600000, 0x00000000d5580000)
  object space 88064K, 40% used [0x0000000080000000,0x0000000082280050,0x0000000085600000)
 Metaspace       used 56683K, capacity 58910K, committed 59028K, reserved 1099776K
  class space    used 7439K, capacity 7893K, committed 7936K, reserved 1048576K
}
Event: 15.514 GC heap before
{Heap before GC invocations=13 (full 3):
 PSYoungGen      total 351232K, used 331264K [0x00000000d5580000, 0x00000000eca80000, 0x0000000100000000)
  eden space 331264K, 100% used [0x00000000d5580000,0x00000000e9900000,0x00000000e9900000)
  from space 19968K, 0% used [0x00000000e9900000,0x00000000e9900000,0x00000000eac80000)
  to   space 14848K, 0% used [0x00000000eac80000,0x00000000eac80000,0x00000000ebb00000)
 ParOldGen       total 88064K, used 35328K [0x0000000080000000, 0x0000000085600000, 0x00000000d5580000)
  object space 88064K, 40% used [0x0000000080000000,0x0000000082280050,0x0000000085600000)
 Metaspace       used 74559K, capacity 77766K, committed 77912K, reserved 1116160K
  class space    used 10144K, capacity 10827K, committed 10880K, reserved 1048576K
Event: 15.550 GC heap after
Heap after GC invocations=13 (full 3):
 PSYoungGen      total 346112K, used 14842K [0x00000000d5580000, 0x00000000eca80000, 0x0000000100000000)
  eden space 331264K, 0% used [0x00000000d5580000,0x00000000d5580000,0x00000000e9900000)
  from space 14848K, 99% used [0x00000000eac80000,0x00000000ebafeb20,0x00000000ebb00000)
  to   space 19968K, 0% used [0x00000000e9900000,0x00000000e9900000,0x00000000eac80000)
 ParOldGen       total 88064K, used 51225K [0x0000000080000000, 0x0000000085600000, 0x00000000d5580000)
  object space 88064K, 58% used [0x0000000080000000,0x00000000832066b0,0x0000000085600000)
 Metaspace       used 74559K, capacity 77766K, committed 77912K, reserved 1116160K
  class space    used 10144K, capacity 10827K, committed 10880K, reserved 1048576K
}

