# JRE version: OpenJDK Runtime Environment (8.0_242-b01) (build 1.8.0_242-release-1644-b01)
# Java VM: OpenJDK 64-Bit Server VM (25.242-b01 mixed mode windows-amd64 compressed oops)
Heap:
 PSYoungGen      total 311808K, used 91790K [0x00000000d5580000, 0x00000000ee200000, 0x0000000100000000)
  eden space 267776K, 17% used [0x00000000d5580000,0x00000000d842a8b0,0x00000000e5b00000)
  from space 44032K, 99% used [0x00000000e9300000,0x00000000ebdf9230,0x00000000ebe00000)
  to   space 57344K, 0% used [0x00000000e5b00000,0x00000000e5b00000,0x00000000e9300000)
 ParOldGen       total 132096K, used 92235K [0x0000000080000000, 0x0000000088100000, 0x00000000d5580000)
  object space 132096K, 69% used [0x0000000080000000,0x0000000085a12c30,0x0000000088100000)
 Metaspace       used 90107K, capacity 95112K, committed 95384K, reserved 1132544K
  class space    used 12215K, capacity 13201K, committed 13232K, reserved 1048576K
GC Heap History (10 events):
Event: 13.727 GC heap before
{Heap before GC invocations=17 (full 3):
 PSYoungGen      total 193024K, used 190078K [0x00000000d5580000, 0x00000000e4f80000, 0x0000000100000000)
  eden space 172544K, 100% used [0x00000000d5580000,0x00000000dfe00000,0x00000000dfe00000)
  from space 20480K, 85% used [0x00000000dfe00000,0x00000000e0f1f838,0x00000000e1200000)
  to   space 22528K, 0% used [0x00000000e3980000,0x00000000e3980000,0x00000000e4f80000)
 ParOldGen       total 132096K, used 35511K [0x0000000080000000, 0x0000000088100000, 0x00000000d5580000)
  object space 132096K, 26% used [0x0000000080000000,0x00000000822addb0,0x0000000088100000)
 Metaspace       used 69778K, capacity 72944K, committed 73240K, reserved 1112064K
  class space    used 9523K, capacity 10163K, committed 10288K, reserved 1048576K
Event: 13.757 GC heap after
Heap after GC invocations=17 (full 3):
 PSYoungGen      total 228352K, used 22508K [0x00000000d5580000, 0x00000000e5600000, 0x0000000100000000)
  eden space 205824K, 0% used [0x00000000d5580000,0x00000000d5580000,0x00000000e1e80000)
  from space 22528K, 99% used [0x00000000e3980000,0x00000000e4f7b0c0,0x00000000e4f80000)
  to   space 27648K, 0% used [0x00000000e1e80000,0x00000000e1e80000,0x00000000e3980000)
 ParOldGen       total 132096K, used 40007K [0x0000000080000000, 0x0000000088100000, 0x00000000d5580000)
  object space 132096K, 30% used [0x0000000080000000,0x0000000082711f80,0x0000000088100000)
 Metaspace       used 69778K, capacity 72944K, committed 73240K, reserved 1112064K
  class space    used 9523K, capacity 10163K, committed 10288K, reserved 1048576K
}
Event: 16.876 GC heap before
{Heap before GC invocations=18 (full 3):
 PSYoungGen      total 228352K, used 228332K [0x00000000d5580000, 0x00000000e5600000, 0x0000000100000000)
  eden space 205824K, 100% used [0x00000000d5580000,0x00000000e1e80000,0x00000000e1e80000)
  from space 22528K, 99% used [0x00000000e3980000,0x00000000e4f7b0c0,0x00000000e4f80000)
  to   space 27648K, 0% used [0x00000000e1e80000,0x00000000e1e80000,0x00000000e3980000)
 ParOldGen       total 132096K, used 40007K [0x0000000080000000, 0x0000000088100000, 0x00000000d5580000)
  object space 132096K, 30% used [0x0000000080000000,0x0000000082711f80,0x0000000088100000)
 Metaspace       used 73381K, capacity 76704K, committed 76952K, reserved 1116160K
  class space    used 9947K, capacity 10623K, committed 10672K, reserved 1048576K
Event: 16.915 GC heap after
Heap after GC invocations=18 (full 3):
 PSYoungGen      total 233472K, used 27640K [0x00000000d5580000, 0x00000000e8b80000, 0x0000000100000000)
  eden space 205824K, 0% used [0x00000000d5580000,0x00000000d5580000,0x00000000e1e80000)
  from space 27648K, 99% used [0x00000000e1e80000,0x00000000e397e080,0x00000000e3980000)
  to   space 35840K, 0% used [0x00000000e6880000,0x00000000e6880000,0x00000000e8b80000)
 ParOldGen       total 132096K, used 51539K [0x0000000080000000, 0x0000000088100000, 0x00000000d5580000)
  object space 132096K, 39% used [0x0000000080000000,0x0000000083254ee8,0x0000000088100000)
 Metaspace       used 73381K, capacity 76704K, committed 76952K, reserved 1116160K
  class space    used 9947K, capacity 10623K, committed 10672K, reserved 1048576K
}
Event: 19.281 GC heap before
{Heap before GC invocations=19 (full 3):
 PSYoungGen      total 233472K, used 233464K [0x00000000d5580000, 0x00000000e8b80000, 0x0000000100000000)
  eden space 205824K, 100% used [0x00000000d5580000,0x00000000e1e80000,0x00000000e1e80000)
  from space 27648K, 99% used [0x00000000e1e80000,0x00000000e397e080,0x00000000e3980000)
  to   space 35840K, 0% used [0x00000000e6880000,0x00000000e6880000,0x00000000e8b80000)
 ParOldGen       total 132096K, used 51539K [0x0000000080000000, 0x0000000088100000, 0x00000000d5580000)
  object space 132096K, 39% used [0x0000000080000000,0x0000000083254ee8,0x0000000088100000)
 Metaspace       used 78231K, capacity 81616K, committed 81816K, reserved 1120256K
  class space    used 10514K, capacity 11179K, committed 11184K, reserved 1048576K
Event: 19.342 GC heap after
Heap after GC invocations=19 (full 3):
 PSYoungGen      total 281088K, used 21075K [0x00000000d5580000, 0x00000000e9100000, 0x0000000100000000)
  eden space 245248K, 0% used [0x00000000d5580000,0x00000000d5580000,0x00000000e4500000)
  from space 35840K, 58% used [0x00000000e6880000,0x00000000e7d14e38,0x00000000e8b80000)
  to   space 36352K, 0% used [0x00000000e4500000,0x00000000e4500000,0x00000000e6880000)
 ParOldGen       total 132096K, used 69617K [0x0000000080000000, 0x0000000088100000, 0x00000000d5580000)
  object space 132096K, 52% used [0x0000000080000000,0x00000000843fc550,0x0000000088100000)
 Metaspace       used 78231K, capacity 81616K, committed 81816K, reserved 1120256K
  class space    used 10514K, capacity 11179K, committed 11184K, reserved 1048576K
}
Event: 21.335 GC heap before
{Heap before GC invocations=20 (full 3):
 PSYoungGen      total 281088K, used 266323K [0x00000000d5580000, 0x00000000e9100000, 0x0000000100000000)
  eden space 245248K, 100% used [0x00000000d5580000,0x00000000e4500000,0x00000000e4500000)
  from space 35840K, 58% used [0x00000000e6880000,0x00000000e7d14e38,0x00000000e8b80000)
  to   space 36352K, 0% used [0x00000000e4500000,0x00000000e4500000,0x00000000e6880000)
 ParOldGen       total 132096K, used 69617K [0x0000000080000000, 0x0000000088100000, 0x00000000d5580000)
  object space 132096K, 52% used [0x0000000080000000,0x00000000843fc550,0x0000000088100000)
 Metaspace       used 87796K, capacity 92406K, committed 92568K, reserved 1128448K
  class space    used 12029K, capacity 12970K, committed 12976K, reserved 1048576K
Event: 21.374 GC heap after
Heap after GC invocations=20 (full 3):
 PSYoungGen      total 281600K, used 36345K [0x00000000d5580000, 0x00000000ebe00000, 0x0000000100000000)
  eden space 245248K, 0% used [0x00000000d5580000,0x00000000d5580000,0x00000000e4500000)
  from space 36352K, 99% used [0x00000000e4500000,0x00000000e687e5e8,0x00000000e6880000)
  to   space 44032K, 0% used [0x00000000e9300000,0x00000000e9300000,0x00000000ebe00000)
 ParOldGen       total 132096K, used 75778K [0x0000000080000000, 0x0000000088100000, 0x00000000d5580000)
  object space 132096K, 57% used [0x0000000080000000,0x0000000084a00b48,0x0000000088100000)
 Metaspace       used 87796K, capacity 92406K, committed 92568K, reserved 1128448K
  class space    used 12029K, capacity 12970K, committed 12976K, reserved 1048576K
}
Event: 22.602 GC heap before
{Heap before GC invocations=21 (full 3):
 PSYoungGen      total 281600K, used 281593K [0x00000000d5580000, 0x00000000ebe00000, 0x0000000100000000)
  eden space 245248K, 100% used [0x00000000d5580000,0x00000000e4500000,0x00000000e4500000)
  from space 36352K, 99% used [0x00000000e4500000,0x00000000e687e5e8,0x00000000e6880000)
  to   space 44032K, 0% used [0x00000000e9300000,0x00000000e9300000,0x00000000ebe00000)
 ParOldGen       total 132096K, used 75778K [0x0000000080000000, 0x0000000088100000, 0x00000000d5580000)
  object space 132096K, 57% used [0x0000000080000000,0x0000000084a00b48,0x0000000088100000)
 Metaspace       used 90026K, capacity 94984K, committed 95128K, reserved 1130496K
  class space    used 12210K, capacity 13201K, committed 13232K, reserved 1048576K
Event: 22.675 GC heap after
Heap after GC invocations=21 (full 3):
 PSYoungGen      total 311808K, used 44004K [0x00000000d5580000, 0x00000000ee200000, 0x0000000100000000)
  eden space 267776K, 0% used [0x00000000d5580000,0x00000000d5580000,0x00000000e5b00000)
  from space 44032K, 99% used [0x00000000e9300000,0x00000000ebdf9230,0x00000000ebe00000)
  to   space 57344K, 0% used [0x00000000e5b00000,0x00000000e5b00000,0x00000000e9300000)
 ParOldGen       total 132096K, used 92235K [0x0000000080000000, 0x0000000088100000, 0x00000000d5580000)
  object space 132096K, 69% used [0x0000000080000000,0x0000000085a12c30,0x0000000088100000)
 Metaspace       used 90026K, capacity 94984K, committed 95128K, reserved 1130496K
  class space    used 12210K, capacity 13201K, committed 13232K, reserved 1048576K
}

