# JRE version: OpenJDK Runtime Environment (8.0_242-b01) (build 1.8.0_242-release-1644-b01)
# Java VM: OpenJDK 64-Bit Server VM (25.242-b01 mixed mode windows-amd64 compressed oops)
Heap:
 PSYoungGen      total 500224K, used 369454K [0x00000000d5580000, 0x0000000100000000, 0x0000000100000000)
  eden space 396800K, 67% used [0x00000000d5580000,0x00000000e59530e0,0x00000000ed900000)
  from space 103424K, 99% used [0x00000000f9b00000,0x00000000ffff8938,0x0000000100000000)
  to   space 151040K, 0% used [0x00000000ed900000,0x00000000ed900000,0x00000000f6c80000)
 ParOldGen       total 278016K, used 177309K [0x0000000080000000, 0x0000000090f80000, 0x00000000d5580000)
  object space 278016K, 63% used [0x0000000080000000,0x000000008ad275b8,0x0000000090f80000)
 Metaspace       used 106976K, capacity 112402K, committed 112664K, reserved 1146880K
  class space    used 13776K, capacity 14810K, committed 14896K, reserved 1048576K
GC Heap History (10 events):
Event: 26.081 GC heap before
{Heap before GC invocations=27 (full 5):
 PSYoungGen      total 481792K, used 24821K [0x00000000d5580000, 0x00000000f8580000, 0x0000000100000000)
  eden space 398336K, 0% used [0x00000000d5580000,0x00000000d5580000,0x00000000eda80000)
  from space 83456K, 29% used [0x00000000f3400000,0x00000000f4c3d548,0x00000000f8580000)
  to   space 87552K, 0% used [0x00000000eda80000,0x00000000eda80000,0x00000000f3000000)
 ParOldGen       total 270848K, used 234633K [0x0000000080000000, 0x0000000090880000, 0x00000000d5580000)
  object space 270848K, 86% used [0x0000000080000000,0x000000008e522498,0x0000000090880000)
 Metaspace       used 99691K, capacity 104246K, committed 104600K, reserved 1140736K
  class space    used 13028K, capacity 13874K, committed 14000K, reserved 1048576K
Event: 26.337 GC heap after
Heap after GC invocations=27 (full 5):
 PSYoungGen      total 481792K, used 0K [0x00000000d5580000, 0x00000000f8580000, 0x0000000100000000)
  eden space 398336K, 0% used [0x00000000d5580000,0x00000000d5580000,0x00000000eda80000)
  from space 83456K, 0% used [0x00000000f3400000,0x00000000f3400000,0x00000000f8580000)
  to   space 87552K, 0% used [0x00000000eda80000,0x00000000eda80000,0x00000000f3000000)
 ParOldGen       total 278016K, used 93293K [0x0000000080000000, 0x0000000090f80000, 0x00000000d5580000)
  object space 278016K, 33% used [0x0000000080000000,0x0000000085b1b468,0x0000000090f80000)
 Metaspace       used 99691K, capacity 104246K, committed 104600K, reserved 1140736K
  class space    used 13028K, capacity 13874K, committed 14000K, reserved 1048576K
}
Event: 28.237 GC heap before
{Heap before GC invocations=28 (full 5):
 PSYoungGen      total 481792K, used 398336K [0x00000000d5580000, 0x00000000f8580000, 0x0000000100000000)
  eden space 398336K, 100% used [0x00000000d5580000,0x00000000eda80000,0x00000000eda80000)
  from space 83456K, 0% used [0x00000000f3400000,0x00000000f3400000,0x00000000f8580000)
  to   space 87552K, 0% used [0x00000000eda80000,0x00000000eda80000,0x00000000f3000000)
 ParOldGen       total 278016K, used 93293K [0x0000000080000000, 0x0000000090f80000, 0x00000000d5580000)
  object space 278016K, 33% used [0x0000000080000000,0x0000000085b1b468,0x0000000090f80000)
 Metaspace       used 99709K, capacity 104256K, committed 104600K, reserved 1140736K
  class space    used 13029K, capacity 13875K, committed 14000K, reserved 1048576K
Event: 28.254 GC heap after
Heap after GC invocations=28 (full 5):
 PSYoungGen      total 485888K, used 3776K [0x00000000d5580000, 0x00000000fd400000, 0x0000000100000000)
  eden space 398336K, 0% used [0x00000000d5580000,0x00000000d5580000,0x00000000eda80000)
  from space 87552K, 4% used [0x00000000eda80000,0x00000000ede30000,0x00000000f3000000)
  to   space 87040K, 0% used [0x00000000f7f00000,0x00000000f7f00000,0x00000000fd400000)
 ParOldGen       total 278016K, used 93301K [0x0000000080000000, 0x0000000090f80000, 0x00000000d5580000)
  object space 278016K, 33% used [0x0000000080000000,0x0000000085b1d468,0x0000000090f80000)
 Metaspace       used 99709K, capacity 104256K, committed 104600K, reserved 1140736K
  class space    used 13029K, capacity 13875K, committed 14000K, reserved 1048576K
}
Event: 29.703 GC heap before
{Heap before GC invocations=29 (full 5):
 PSYoungGen      total 485888K, used 402112K [0x00000000d5580000, 0x00000000fd400000, 0x0000000100000000)
  eden space 398336K, 100% used [0x00000000d5580000,0x00000000eda80000,0x00000000eda80000)
  from space 87552K, 4% used [0x00000000eda80000,0x00000000ede30000,0x00000000f3000000)
  to   space 87040K, 0% used [0x00000000f7f00000,0x00000000f7f00000,0x00000000fd400000)
 ParOldGen       total 278016K, used 93301K [0x0000000080000000, 0x0000000090f80000, 0x00000000d5580000)
  object space 278016K, 33% used [0x0000000080000000,0x0000000085b1d468,0x0000000090f80000)
 Metaspace       used 99719K, capacity 104256K, committed 104600K, reserved 1140736K
  class space    used 13029K, capacity 13875K, committed 14000K, reserved 1048576K
Event: 29.717 GC heap after
Heap after GC invocations=29 (full 5):
 PSYoungGen      total 549376K, used 2464K [0x00000000d5580000, 0x00000000fcb00000, 0x0000000100000000)
  eden space 471552K, 0% used [0x00000000d5580000,0x00000000d5580000,0x00000000f2200000)
  from space 77824K, 3% used [0x00000000f7f00000,0x00000000f8168010,0x00000000fcb00000)
  to   space 86528K, 0% used [0x00000000f2200000,0x00000000f2200000,0x00000000f7680000)
 ParOldGen       total 278016K, used 96717K [0x0000000080000000, 0x0000000090f80000, 0x00000000d5580000)
  object space 278016K, 34% used [0x0000000080000000,0x0000000085e73468,0x0000000090f80000)
 Metaspace       used 99719K, capacity 104256K, committed 104600K, reserved 1140736K
  class space    used 13029K, capacity 13875K, committed 14000K, reserved 1048576K
}
Event: 32.394 GC heap before
{Heap before GC invocations=30 (full 5):
 PSYoungGen      total 549376K, used 474016K [0x00000000d5580000, 0x00000000fcb00000, 0x0000000100000000)
  eden space 471552K, 100% used [0x00000000d5580000,0x00000000f2200000,0x00000000f2200000)
  from space 77824K, 3% used [0x00000000f7f00000,0x00000000f8168010,0x00000000fcb00000)
  to   space 86528K, 0% used [0x00000000f2200000,0x00000000f2200000,0x00000000f7680000)
 ParOldGen       total 278016K, used 96717K [0x0000000080000000, 0x0000000090f80000, 0x00000000d5580000)
  object space 278016K, 34% used [0x0000000080000000,0x0000000085e73468,0x0000000090f80000)
 Metaspace       used 101421K, capacity 106090K, committed 106392K, reserved 1140736K
  class space    used 13213K, capacity 14106K, committed 14256K, reserved 1048576K
Event: 32.513 GC heap after
Heap after GC invocations=30 (full 5):
 PSYoungGen      total 558080K, used 86526K [0x00000000d5580000, 0x0000000100000000, 0x0000000100000000)
  eden space 471552K, 0% used [0x00000000d5580000,0x00000000d5580000,0x00000000f2200000)
  from space 86528K, 99% used [0x00000000f2200000,0x00000000f767fb30,0x00000000f7680000)
  to   space 103424K, 0% used [0x00000000f9b00000,0x00000000f9b00000,0x0000000100000000)
 ParOldGen       total 278016K, used 99459K [0x0000000080000000, 0x0000000090f80000, 0x00000000d5580000)
  object space 278016K, 35% used [0x0000000080000000,0x0000000086120f58,0x0000000090f80000)
 Metaspace       used 101421K, capacity 106090K, committed 106392K, reserved 1140736K
  class space    used 13213K, capacity 14106K, committed 14256K, reserved 1048576K
}
Event: 35.085 GC heap before
{Heap before GC invocations=31 (full 5):
 PSYoungGen      total 558080K, used 558078K [0x00000000d5580000, 0x0000000100000000, 0x0000000100000000)
  eden space 471552K, 100% used [0x00000000d5580000,0x00000000f2200000,0x00000000f2200000)
  from space 86528K, 99% used [0x00000000f2200000,0x00000000f767fb30,0x00000000f7680000)
  to   space 103424K, 0% used [0x00000000f9b00000,0x00000000f9b00000,0x0000000100000000)
 ParOldGen       total 278016K, used 99459K [0x0000000080000000, 0x0000000090f80000, 0x00000000d5580000)
  object space 278016K, 35% used [0x0000000080000000,0x0000000086120f58,0x0000000090f80000)
 Metaspace       used 101588K, capacity 106320K, committed 106648K, reserved 1142784K
  class space    used 13221K, capacity 14113K, committed 14256K, reserved 1048576K
Event: 35.263 GC heap after
Heap after GC invocations=31 (full 5):
 PSYoungGen      total 500224K, used 103394K [0x00000000d5580000, 0x0000000100000000, 0x0000000100000000)
  eden space 396800K, 0% used [0x00000000d5580000,0x00000000d5580000,0x00000000ed900000)
  from space 103424K, 99% used [0x00000000f9b00000,0x00000000ffff8938,0x0000000100000000)
  to   space 151040K, 0% used [0x00000000ed900000,0x00000000ed900000,0x00000000f6c80000)
 ParOldGen       total 278016K, used 177309K [0x0000000080000000, 0x0000000090f80000, 0x00000000d5580000)
  object space 278016K, 63% used [0x0000000080000000,0x000000008ad275b8,0x0000000090f80000)
 Metaspace       used 101588K, capacity 106320K, committed 106648K, reserved 1142784K
  class space    used 13221K, capacity 14113K, committed 14256K, reserved 1048576K
}

