# JRE version: OpenJDK Runtime Environment (8.0_242-b01) (build 1.8.0_242-release-1644-b01)
# Java VM: OpenJDK 64-Bit Server VM (25.242-b01 mixed mode windows-amd64 compressed oops)
Heap:
 PSYoungGen      total 236544K, used 37105K [0x00000000d5580000, 0x00000000e9400000, 0x0000000100000000)
  eden space 208384K, 4% used [0x00000000d5580000,0x00000000d5e445a0,0x00000000e2100000)
  from space 28160K, 99% used [0x00000000e2100000,0x00000000e3c78120,0x00000000e3c80000)
  to   space 36864K, 0% used [0x00000000e7000000,0x00000000e7000000,0x00000000e9400000)
 ParOldGen       total 130560K, used 52041K [0x0000000080000000, 0x0000000087f80000, 0x00000000d5580000)
  object space 130560K, 39% used [0x0000000080000000,0x00000000832d24b0,0x0000000087f80000)
 Metaspace       used 73416K, capacity 76726K, committed 76952K, reserved 1116160K
  class space    used 9937K, capacity 10602K, committed 10672K, reserved 1048576K
GC Heap History (10 events):
Event: 7.960 GC heap before
{Heap before GC invocations=14 (full 2):
 PSYoungGen      total 156160K, used 97417K [0x00000000d5580000, 0x00000000e2800000, 0x0000000100000000)
  eden space 143360K, 59% used [0x00000000d5580000,0x00000000da825488,0x00000000de180000)
  from space 12800K, 99% used [0x00000000de180000,0x00000000dedfd320,0x00000000dee00000)
  to   space 18432K, 0% used [0x00000000e1600000,0x00000000e1600000,0x00000000e2800000)
 ParOldGen       total 84992K, used 29099K [0x0000000080000000, 0x0000000085300000, 0x00000000d5580000)
  object space 84992K, 34% used [0x0000000080000000,0x0000000081c6af98,0x0000000085300000)
 Metaspace       used 56857K, capacity 59066K, committed 59160K, reserved 1099776K
  class space    used 7693K, capacity 8204K, committed 8240K, reserved 1048576K
Event: 7.976 GC heap after
Heap after GC invocations=14 (full 2):
 PSYoungGen      total 195072K, used 17063K [0x00000000d5580000, 0x00000000e2d00000, 0x0000000100000000)
  eden space 176640K, 0% used [0x00000000d5580000,0x00000000d5580000,0x00000000e0200000)
  from space 18432K, 92% used [0x00000000e1600000,0x00000000e26a9d48,0x00000000e2800000)
  to   space 20480K, 0% used [0x00000000e0200000,0x00000000e0200000,0x00000000e1600000)
 ParOldGen       total 84992K, used 34306K [0x0000000080000000, 0x0000000085300000, 0x00000000d5580000)
  object space 84992K, 40% used [0x0000000080000000,0x00000000821808c8,0x0000000085300000)
 Metaspace       used 56857K, capacity 59066K, committed 59160K, reserved 1099776K
  class space    used 7693K, capacity 8204K, committed 8240K, reserved 1048576K
}
Event: 7.976 GC heap before
{Heap before GC invocations=15 (full 3):
 PSYoungGen      total 195072K, used 17063K [0x00000000d5580000, 0x00000000e2d00000, 0x0000000100000000)
  eden space 176640K, 0% used [0x00000000d5580000,0x00000000d5580000,0x00000000e0200000)
  from space 18432K, 92% used [0x00000000e1600000,0x00000000e26a9d48,0x00000000e2800000)
  to   space 20480K, 0% used [0x00000000e0200000,0x00000000e0200000,0x00000000e1600000)
 ParOldGen       total 84992K, used 34306K [0x0000000080000000, 0x0000000085300000, 0x00000000d5580000)
  object space 84992K, 40% used [0x0000000080000000,0x00000000821808c8,0x0000000085300000)
 Metaspace       used 56857K, capacity 59066K, committed 59160K, reserved 1099776K
  class space    used 7693K, capacity 8204K, committed 8240K, reserved 1048576K
Event: 8.126 GC heap after
Heap after GC invocations=15 (full 3):
 PSYoungGen      total 195072K, used 0K [0x00000000d5580000, 0x00000000e2d00000, 0x0000000100000000)
  eden space 176640K, 0% used [0x00000000d5580000,0x00000000d5580000,0x00000000e0200000)
  from space 18432K, 0% used [0x00000000e1600000,0x00000000e1600000,0x00000000e2800000)
  to   space 20480K, 0% used [0x00000000e0200000,0x00000000e0200000,0x00000000e1600000)
 ParOldGen       total 130560K, used 35432K [0x0000000080000000, 0x0000000087f80000, 0x00000000d5580000)
  object space 130560K, 27% used [0x0000000080000000,0x000000008229a2b8,0x0000000087f80000)
 Metaspace       used 56844K, capacity 59024K, committed 59160K, reserved 1099776K
  class space    used 7689K, capacity 8197K, committed 8240K, reserved 1048576K
}
Event: 10.308 GC heap before
{Heap before GC invocations=16 (full 3):
 PSYoungGen      total 195072K, used 176640K [0x00000000d5580000, 0x00000000e2d00000, 0x0000000100000000)
  eden space 176640K, 100% used [0x00000000d5580000,0x00000000e0200000,0x00000000e0200000)
  from space 18432K, 0% used [0x00000000e1600000,0x00000000e1600000,0x00000000e2800000)
  to   space 20480K, 0% used [0x00000000e0200000,0x00000000e0200000,0x00000000e1600000)
 ParOldGen       total 130560K, used 35432K [0x0000000080000000, 0x0000000087f80000, 0x00000000d5580000)
  object space 130560K, 27% used [0x0000000080000000,0x000000008229a2b8,0x0000000087f80000)
 Metaspace       used 66460K, capacity 69248K, committed 69400K, reserved 1110016K
  class space    used 9142K, capacity 9751K, committed 9776K, reserved 1048576K
Event: 10.330 GC heap after
Heap after GC invocations=16 (full 3):
 PSYoungGen      total 197120K, used 18860K [0x00000000d5580000, 0x00000000e5300000, 0x0000000100000000)
  eden space 176640K, 0% used [0x00000000d5580000,0x00000000d5580000,0x00000000e0200000)
  from space 20480K, 92% used [0x00000000e0200000,0x00000000e146b1a8,0x00000000e1600000)
  to   space 23040K, 0% used [0x00000000e3c80000,0x00000000e3c80000,0x00000000e5300000)
 ParOldGen       total 130560K, used 35440K [0x0000000080000000, 0x0000000087f80000, 0x00000000d5580000)
  object space 130560K, 27% used [0x0000000080000000,0x000000008229c2b8,0x0000000087f80000)
 Metaspace       used 66460K, capacity 69248K, committed 69400K, reserved 1110016K
  class space    used 9142K, capacity 9751K, committed 9776K, reserved 1048576K
}
Event: 12.582 GC heap before
{Heap before GC invocations=17 (full 3):
 PSYoungGen      total 197120K, used 195500K [0x00000000d5580000, 0x00000000e5300000, 0x0000000100000000)
  eden space 176640K, 100% used [0x00000000d5580000,0x00000000e0200000,0x00000000e0200000)
  from space 20480K, 92% used [0x00000000e0200000,0x00000000e146b1a8,0x00000000e1600000)
  to   space 23040K, 0% used [0x00000000e3c80000,0x00000000e3c80000,0x00000000e5300000)
 ParOldGen       total 130560K, used 35440K [0x0000000080000000, 0x0000000087f80000, 0x00000000d5580000)
  object space 130560K, 27% used [0x0000000080000000,0x000000008229c2b8,0x0000000087f80000)
 Metaspace       used 69069K, capacity 72176K, committed 72344K, reserved 1112064K
  class space    used 9408K, capacity 10059K, committed 10160K, reserved 1048576K
Event: 12.611 GC heap after
Heap after GC invocations=17 (full 3):
 PSYoungGen      total 231424K, used 23009K [0x00000000d5580000, 0x00000000e5c00000, 0x0000000100000000)
  eden space 208384K, 0% used [0x00000000d5580000,0x00000000d5580000,0x00000000e2100000)
  from space 23040K, 99% used [0x00000000e3c80000,0x00000000e52f86b8,0x00000000e5300000)
  to   space 28160K, 0% used [0x00000000e2100000,0x00000000e2100000,0x00000000e3c80000)
 ParOldGen       total 130560K, used 39778K [0x0000000080000000, 0x0000000087f80000, 0x00000000d5580000)
  object space 130560K, 30% used [0x0000000080000000,0x00000000826d8a28,0x0000000087f80000)
 Metaspace       used 69069K, capacity 72176K, committed 72344K, reserved 1112064K
  class space    used 9408K, capacity 10059K, committed 10160K, reserved 1048576K
}
Event: 15.332 GC heap before
{Heap before GC invocations=18 (full 3):
 PSYoungGen      total 231424K, used 231393K [0x00000000d5580000, 0x00000000e5c00000, 0x0000000100000000)
  eden space 208384K, 100% used [0x00000000d5580000,0x00000000e2100000,0x00000000e2100000)
  from space 23040K, 99% used [0x00000000e3c80000,0x00000000e52f86b8,0x00000000e5300000)
  to   space 28160K, 0% used [0x00000000e2100000,0x00000000e2100000,0x00000000e3c80000)
 ParOldGen       total 130560K, used 39778K [0x0000000080000000, 0x0000000087f80000, 0x00000000d5580000)
  object space 130560K, 30% used [0x0000000080000000,0x00000000826d8a28,0x0000000087f80000)
 Metaspace       used 73275K, capacity 76592K, committed 76696K, reserved 1116160K
  class space    used 9926K, capacity 10599K, committed 10672K, reserved 1048576K
Event: 15.383 GC heap after
Heap after GC invocations=18 (full 3):
 PSYoungGen      total 236544K, used 28128K [0x00000000d5580000, 0x00000000e9400000, 0x0000000100000000)
  eden space 208384K, 0% used [0x00000000d5580000,0x00000000d5580000,0x00000000e2100000)
  from space 28160K, 99% used [0x00000000e2100000,0x00000000e3c78120,0x00000000e3c80000)
  to   space 36864K, 0% used [0x00000000e7000000,0x00000000e7000000,0x00000000e9400000)
 ParOldGen       total 130560K, used 52041K [0x0000000080000000, 0x0000000087f80000, 0x00000000d5580000)
  object space 130560K, 39% used [0x0000000080000000,0x00000000832d24b0,0x0000000087f80000)
 Metaspace       used 73275K, capacity 76592K, committed 76696K, reserved 1116160K
  class space    used 9926K, capacity 10599K, committed 10672K, reserved 1048576K
}

